
2021-08-20 12:05:50 | 마린 | 4001832 (x9999)를 addbyId를 통해 얻음.

2021-08-20 12:05:50 | 마린 | 4001832 (x9999)를 addbyId를 통해 얻음.

2021-08-20 12:43:22 | 호이 | 2048716 (x999)를 addbyItem을 통해 얻음.

2021-08-20 12:43:24 | 호이 | 2048716 (x978)를 addbyItem을 통해 얻음.

2021-08-20 12:43:26 | 호이 | 2048716 (x990)를 addbyItem을 통해 얻음.

2021-08-20 12:43:56 | 호이 | 4001832 (x4159)를 addbyItem을 통해 얻음.

2021-08-20 01:28:03 | 별 | 5062010 (x500)를 addbyId를 통해 얻음.

2021-08-20 01:28:04 | 별 | 5062010 (x500)를 addbyId를 통해 얻음.

2021-08-20 08:46:28 | 서나 | 2070024 (x2000)를 addbyId를 통해 얻음.

2021-08-20 08:51:29 | 서나 | 2070026 (x2000)를 addbyId를 통해 얻음.

2021-08-20 08:51:30 | 서나 | 2070026 (x2000)를 addbyId를 통해 얻음.

2021-08-20 08:51:30 | 서나 | 2070026 (x2000)를 addbyId를 통해 얻음.

2021-08-20 08:51:31 | 서나 | 2070026 (x2000)를 addbyId를 통해 얻음.

2021-08-20 09:23:11 | 서나 | 4001832 (x9999)를 addbyId를 통해 얻음.

2021-08-20 09:29:32 | 유아 | 4001832 (x9999)를 addbyId를 통해 얻음.

2021-08-20 09:29:32 | 유아 | 4001832 (x9999)를 addbyId를 통해 얻음.

2021-08-20 09:29:33 | 유아 | 4001832 (x9999)를 addbyId를 통해 얻음.

2021-08-20 11:06:53 | 호이 | 5062009 (x1000)를 addbyId를 통해 얻음.

2021-08-20 11:24:21 | 지니 | 4001832 (x9999)를 addbyId를 통해 얻음.

2021-08-20 11:32:05 | 호이 | 4001832 (x9999)를 addbyId를 통해 얻음.

2021-08-20 12:09:47 | 표도 | 2070024 (x2000)를 addbyId를 통해 얻음.

2021-08-20 12:22:24 | 표도 | 2070023 (x1500)를 addbyId를 통해 얻음.

2021-08-20 12:22:24 | 표도 | 2070023 (x1500)를 addbyId를 통해 얻음.

2021-08-20 12:22:25 | 표도 | 2070023 (x1500)를 addbyId를 통해 얻음.

2021-08-20 12:22:25 | 표도 | 2070023 (x1500)를 addbyId를 통해 얻음.

2021-08-20 12:22:26 | 표도 | 2070023 (x1500)를 addbyId를 통해 얻음.

2021-08-20 12:39:35 | 유아 | 2048716 (x580)를 addbyItem을 통해 얻음.

2021-08-20 12:57:59 | cruella | 2435719 (x300)를 addbyId를 통해 얻음.

2021-08-20 12:57:59 | cruella | 2630437 (x500)를 addbyId를 통해 얻음.

2021-08-20 01:00:39 | 호이 | 2435719 (x300)를 addbyId를 통해 얻음.

2021-08-20 01:00:39 | 호이 | 2630437 (x500)를 addbyId를 통해 얻음.

2021-08-20 02:01:33 | 유아 | 4001832 (x9999)를 addbyId를 통해 얻음.

2021-08-20 02:01:35 | 유아 | 4001832 (x9999)를 addbyId를 통해 얻음.

2021-08-20 02:01:50 | 유아 | 4001832 (x9999)를 addbyId를 통해 얻음.

2021-08-20 02:31:25 | 표도 | 5062009 (x1000)를 addbyId를 통해 얻음.

2021-08-20 02:48:26 | 로나 | 5062010 (x500)를 addbyId를 통해 얻음.

2021-08-20 02:48:26 | 로나 | 5062010 (x500)를 addbyId를 통해 얻음.

2021-08-20 02:48:27 | 로나 | 5062010 (x500)를 addbyId를 통해 얻음.

2021-08-20 02:48:27 | 로나 | 5062010 (x500)를 addbyId를 통해 얻음.

2021-08-20 02:48:28 | 로나 | 5062010 (x500)를 addbyId를 통해 얻음.

2021-08-20 02:48:29 | 로나 | 5062010 (x500)를 addbyId를 통해 얻음.

2021-08-20 03:09:44 | 별 | 5062009 (x1000)를 addbyId를 통해 얻음.

2021-08-20 03:12:39 | 호이 | 4001832 (x9999)를 addbyId를 통해 얻음.

2021-08-20 03:12:40 | 호이 | 4001832 (x9999)를 addbyId를 통해 얻음.

2021-08-20 03:12:44 | 호이 | 4001832 (x9999)를 addbyId를 통해 얻음.

2021-08-20 03:13:29 | 호이 | 4001832 (x9999)를 addbyId를 통해 얻음.

2021-08-20 03:13:30 | 호이 | 4001832 (x9999)를 addbyId를 통해 얻음.

2021-08-20 03:13:31 | 호이 | 4001832 (x9999)를 addbyId를 통해 얻음.

2021-08-20 03:16:35 | 현진 | 4001832 (x9999)를 addbyId를 통해 얻음.

2021-08-20 03:16:36 | 현진 | 4001832 (x9999)를 addbyId를 통해 얻음.

2021-08-20 03:23:41 | 현진 | 4001832 (x9999)를 addbyId를 통해 얻음.

2021-08-20 03:23:42 | 현진 | 4001832 (x9999)를 addbyId를 통해 얻음.

2021-08-20 03:24:52 | 현진 | 4001832 (x9999)를 addbyId를 통해 얻음.

2021-08-20 03:24:53 | 현진 | 4001832 (x9999)를 addbyId를 통해 얻음.

2021-08-20 03:25:25 | 현진 | 4001832 (x9999)를 addbyId를 통해 얻음.

2021-08-20 03:25:26 | 현진 | 4001832 (x9999)를 addbyId를 통해 얻음.

2021-08-20 03:34:28 | 별 | 5062010 (x500)를 addbyId를 통해 얻음.

2021-08-20 03:53:08 | 유아 | 4001832 (x9999)를 addbyId를 통해 얻음.

2021-08-20 03:53:09 | 유아 | 4001832 (x9999)를 addbyId를 통해 얻음.

2021-08-20 04:37:32 | 마린 | 4001832 (x9999)를 addbyId를 통해 얻음.

2021-08-20 04:37:33 | 마린 | 4001832 (x9999)를 addbyId를 통해 얻음.

2021-08-20 04:37:33 | 마린 | 4001832 (x9999)를 addbyId를 통해 얻음.

2021-08-20 04:48:46 | 마린 | 2048716 (x500)를 addbyItem을 통해 얻음.

2021-08-20 04:54:24 | 표도 | 5062009 (x1000)를 addbyId를 통해 얻음.

2021-08-20 05:17:07 | 마린 | 5062010 (x500)를 addbyId를 통해 얻음.

2021-08-20 05:42:31 | 마린 | 5062009 (x1000)를 addbyId를 통해 얻음.

2021-08-20 05:46:00 | 표도 | 4001832 (x9999)를 addbyId를 통해 얻음.

2021-08-20 05:46:01 | 표도 | 4001832 (x9999)를 addbyId를 통해 얻음.

2021-08-20 06:12:46 | 말랑 | 4001832 (x9999)를 addbyId를 통해 얻음.

2021-08-20 06:12:47 | 말랑 | 4001832 (x9999)를 addbyId를 통해 얻음.

2021-08-20 06:12:47 | 말랑 | 4001832 (x9999)를 addbyId를 통해 얻음.

2021-08-20 06:12:48 | 말랑 | 4001832 (x9999)를 addbyId를 통해 얻음.

2021-08-20 06:27:14 | 말랑 | 2049153 (x300)를 addbyId를 통해 얻음.

2021-08-20 06:46:00 | 말랑 | 4001832 (x9999)를 addbyId를 통해 얻음.

2021-08-20 06:46:01 | 말랑 | 4001832 (x9999)를 addbyId를 통해 얻음.

2021-08-20 06:46:01 | 말랑 | 4001832 (x9999)를 addbyId를 통해 얻음.

2021-08-20 08:08:35 | cruella | 2435719 (x300)를 addbyId를 통해 얻음.

2021-08-20 08:08:35 | cruella | 2630437 (x500)를 addbyId를 통해 얻음.

2021-08-20 08:24:41 | 호이 | 5062009 (x1000)를 addbyId를 통해 얻음.

2021-08-20 08:54:56 | 쮸아 | 4001832 (x9999)를 addbyId를 통해 얻음.

2021-08-20 09:50:30 | 말랑 | 4001832 (x9999)를 addbyId를 통해 얻음.

2021-08-20 09:50:30 | 말랑 | 4001832 (x9999)를 addbyId를 통해 얻음.

2021-08-20 10:03:20 | 유아 | 5062010 (x500)를 addbyId를 통해 얻음.

2021-08-20 10:05:12 | 말랑 | 4001832 (x9999)를 addbyId를 통해 얻음.

2021-08-20 10:05:12 | 말랑 | 4001832 (x9999)를 addbyId를 통해 얻음.

2021-08-20 10:05:13 | 말랑 | 4001832 (x9999)를 addbyId를 통해 얻음.

2021-08-20 10:05:13 | 말랑 | 4001832 (x9999)를 addbyId를 통해 얻음.

2021-08-20 10:29:57 | 초대 | 5062009 (x1000)를 addbyId를 통해 얻음.

2021-08-20 11:29:39 | 응애 | 5062010 (x500)를 addbyId를 통해 얻음.

2021-08-20 11:35:38 | 쮸아 | 2060011 (x1000)를 addbyId를 통해 얻음.

2021-08-20 11:35:38 | 쮸아 | 2060011 (x1000)를 addbyId를 통해 얻음.

2021-08-20 11:35:39 | 쮸아 | 2060011 (x1000)를 addbyId를 통해 얻음.

2021-08-20 11:35:40 | 쮸아 | 2060011 (x1000)를 addbyId를 통해 얻음.

2021-08-20 11:35:40 | 쮸아 | 2060011 (x1000)를 addbyId를 통해 얻음.

2021-08-20 11:36:33 | 호이 | 4001832 (x9999)를 addbyId를 통해 얻음.

2021-08-20 11:36:35 | 호이 | 4001832 (x9999)를 addbyId를 통해 얻음.

2021-08-20 11:36:36 | 호이 | 4001832 (x9999)를 addbyId를 통해 얻음.

2021-08-20 11:36:37 | 호이 | 4001832 (x9999)를 addbyId를 통해 얻음.

2021-08-20 11:48:29 | 섀도어 | 5062009 (x1000)를 addbyId를 통해 얻음.

2021-08-20 11:49:42 | 응애 | 5062010 (x500)를 addbyId를 통해 얻음.

2021-08-21 03:29:44 | 배틀메이지0 | 2048717 (x756)를 addbyItem을 통해 얻음.

2021-08-21 03:45:24 | 호영0 | 2048717 (x350)를 addbyItem을 통해 얻음.

2021-08-21 03:50:09 | 로나 | 4001832 (x9999)를 addbyId를 통해 얻음.

2021-08-21 11:45:41 | 로나 | 4001832 (x9999)를 addbyId를 통해 얻음.

2021-08-21 11:45:41 | 로나 | 4001832 (x9999)를 addbyId를 통해 얻음.

2021-08-21 02:14:47 | 마린 | 2435719 (x500)를 addbyItem을 통해 얻음.

2021-08-21 02:22:44 | 호이 | 2435719 (x500)를 addbyItem을 통해 얻음.

2021-08-21 05:12:14 | 현진 | 2435719 (x534)를 addbyItem을 통해 얻음.

2021-08-21 05:14:00 | 유아 | 4001832 (x9999)를 addbyId를 통해 얻음.

2021-08-21 05:14:01 | 유아 | 4001832 (x9999)를 addbyId를 통해 얻음.

2021-08-21 05:14:02 | 유아 | 4001832 (x9999)를 addbyId를 통해 얻음.

2021-08-21 05:14:02 | 유아 | 4001832 (x9999)를 addbyId를 통해 얻음.

2021-08-21 08:57:50 | 블랙 | 2435719 (x1457)를 addbyItem을 통해 얻음.

2021-08-21 08:58:24 | 블랙 | 5062009 (x1000)를 addbyId를 통해 얻음.

2021-08-21 09:50:46 | 현진 | 2435719 (x476)를 addbyItem을 통해 얻음.

2021-08-21 09:50:48 | 현진 | 2435719 (x543)를 addbyItem을 통해 얻음.

2021-08-21 09:51:08 | 현진 | 2435719 (x774)를 addbyItem을 통해 얻음.

2021-08-21 09:51:14 | 현진 | 4001832 (x356)를 addbyItem을 통해 얻음.

2021-08-22 12:23:26 | 마린 | 5062010 (x500)를 addbyId를 통해 얻음.

2021-08-22 12:26:15 | 나붕이 | 2070005 (x1000)를 addbyId를 통해 얻음.

2021-08-22 12:26:17 | 나붕이 | 2070005 (x1000)를 addbyId를 통해 얻음.

2021-08-22 12:34:54 | 마린 | 5062010 (x500)를 addbyId를 통해 얻음.

2021-08-22 10:51:00 | 링진14 | 2070024 (x2000)를 addbyId를 통해 얻음.

2021-08-22 11:16:58 | 날파리 | 2070024 (x2000)를 addbyId를 통해 얻음.

2021-08-22 11:16:58 | 날파리 | 2070024 (x2000)를 addbyId를 통해 얻음.

2021-08-22 11:25:52 | 암흑 | 2070024 (x2000)를 addbyId를 통해 얻음.

2021-08-22 11:25:53 | 암흑 | 2070023 (x1500)를 addbyId를 통해 얻음.

2021-08-22 11:25:53 | 암흑 | 2070023 (x1500)를 addbyId를 통해 얻음.

2021-08-22 11:25:54 | 암흑 | 2070023 (x1500)를 addbyId를 통해 얻음.

2021-08-22 11:25:55 | 암흑 | 2070023 (x1500)를 addbyId를 통해 얻음.

2021-08-22 11:25:55 | 암흑 | 2070023 (x1500)를 addbyId를 통해 얻음.

2021-08-22 11:34:46 | 암흑 | 2048716 (x999)를 addbyItem을 통해 얻음.

2021-08-22 11:40:22 | 뚱이 | 5062010 (x500)를 addbyId를 통해 얻음.

2021-08-22 11:47:52 | 암흑 | 4001832 (x9999)를 addbyId를 통해 얻음.

2021-08-22 11:49:51 | 링진29 | 2070024 (x2000)를 addbyId를 통해 얻음.

2021-08-22 12:02:52 | 암흑 | 2070023 (x1500)를 addbyId를 통해 얻음.

2021-08-22 12:02:53 | 암흑 | 2070023 (x1500)를 addbyId를 통해 얻음.

2021-08-22 12:23:06 | 마린 | 4001832 (x9999)를 addbyId를 통해 얻음.

2021-08-22 12:23:06 | 마린 | 4001832 (x9999)를 addbyId를 통해 얻음.

2021-08-22 01:19:40 | 여우 | 2435719 (x436)를 addbyItem을 통해 얻음.

2021-08-22 01:19:41 | 여우 | 2048716 (x999)를 addbyItem을 통해 얻음.

2021-08-22 01:19:42 | 여우 | 2048717 (x482)를 addbyItem을 통해 얻음.

2021-08-22 01:19:42 | 여우 | 2048716 (x616)를 addbyItem을 통해 얻음.

2021-08-22 02:01:20 | 비올라 | 2060011 (x1000)를 addbyId를 통해 얻음.

2021-08-22 02:01:50 | 비올라 | 2060002 (x1000)를 addbyId를 통해 얻음.

2021-08-22 02:19:20 | 비올라 | 2060002 (x1000)를 addbyId를 통해 얻음.

2021-08-22 02:19:21 | 비올라 | 2060002 (x1000)를 addbyId를 통해 얻음.

2021-08-22 02:20:54 | 테슬라 | 5062009 (x1000)를 addbyId를 통해 얻음.

2021-08-22 02:25:49 | 뚱이 | 5062010 (x500)를 addbyId를 통해 얻음.

2021-08-22 02:58:08 | 암흑 | 5062009 (x1000)를 addbyId를 통해 얻음.

2021-08-27 08:39:15 | 쿠아 | 5062009 (x1000)를 addbyId를 통해 얻음.

2021-08-27 08:41:52 | 쿠아 | 2048716 (x999)를 addbyItem을 통해 얻음.

2021-08-27 08:43:48 | 맑음 | 4001832 (x9999)를 addbyId를 통해 얻음.

2021-08-27 08:43:48 | 맑음 | 4001832 (x9999)를 addbyId를 통해 얻음.

2021-08-27 08:43:48 | 맑음 | 4001832 (x9999)를 addbyId를 통해 얻음.

2021-08-27 08:43:49 | 맑음 | 4001832 (x9999)를 addbyId를 통해 얻음.

2021-08-27 08:43:49 | 맑음 | 4001832 (x9999)를 addbyId를 통해 얻음.

2021-08-27 08:45:45 | 맑음 | 4001832 (x9999)를 addbyId를 통해 얻음.

2021-08-27 08:45:45 | 맑음 | 4001832 (x9999)를 addbyId를 통해 얻음.

2021-08-27 08:45:46 | 맑음 | 4001832 (x9999)를 addbyId를 통해 얻음.

2021-08-27 08:45:46 | 맑음 | 4001832 (x9999)를 addbyId를 통해 얻음.

2021-08-27 08:45:46 | 맑음 | 4001832 (x9999)를 addbyId를 통해 얻음.

2021-08-27 08:45:46 | 맑음 | 4001832 (x9999)를 addbyId를 통해 얻음.

2021-08-27 08:45:46 | 맑음 | 4001832 (x9999)를 addbyId를 통해 얻음.

2021-08-27 08:45:46 | 맑음 | 4001832 (x9999)를 addbyId를 통해 얻음.

2021-08-27 08:45:46 | 맑음 | 4001832 (x9999)를 addbyId를 통해 얻음.

2021-08-27 08:45:46 | 맑음 | 4001832 (x9999)를 addbyId를 통해 얻음.

2021-08-27 08:45:47 | 맑음 | 4001832 (x9999)를 addbyId를 통해 얻음.

2021-08-27 08:45:47 | 맑음 | 4001832 (x9999)를 addbyId를 통해 얻음.

2021-08-27 08:45:47 | 맑음 | 4001832 (x9999)를 addbyId를 통해 얻음.

2021-08-27 08:45:47 | 맑음 | 4001832 (x9999)를 addbyId를 통해 얻음.

2021-08-27 08:45:47 | 맑음 | 4001832 (x9999)를 addbyId를 통해 얻음.

2021-08-27 08:45:47 | 맑음 | 4001832 (x9999)를 addbyId를 통해 얻음.

2021-08-27 08:45:47 | 맑음 | 4001832 (x9999)를 addbyId를 통해 얻음.

2021-08-27 08:47:02 | 흰둥 | 2060002 (x1000)를 addbyId를 통해 얻음.

2021-08-27 08:47:03 | 흰둥 | 2060011 (x1000)를 addbyId를 통해 얻음.

2021-08-27 08:47:05 | 흰둥 | 2060011 (x1000)를 addbyId를 통해 얻음.

2021-08-27 09:32:49 | 다크나이트 | 5062009 (x940)를 addbyItem을 통해 얻음.

2021-08-27 09:51:35 | 가온 | 4001832 (x9999)를 addbyId를 통해 얻음.

2021-08-27 09:51:36 | 가온 | 4001832 (x9999)를 addbyId를 통해 얻음.

2021-08-27 09:51:36 | 가온 | 4001832 (x9999)를 addbyId를 통해 얻음.

2021-08-27 09:58:06 | 가온 | 4001832 (x9999)를 addbyId를 통해 얻음.

2021-08-27 09:58:07 | 가온 | 4001832 (x9999)를 addbyId를 통해 얻음.

2021-08-27 09:58:07 | 가온 | 4001832 (x9999)를 addbyId를 통해 얻음.

2021-08-27 09:58:07 | 가온 | 4001832 (x9999)를 addbyId를 통해 얻음.

2021-08-27 09:58:45 | 가온 | 4001832 (x9999)를 addbyId를 통해 얻음.

2021-08-27 09:58:46 | 가온 | 4001832 (x9999)를 addbyId를 통해 얻음.

2021-08-27 09:58:46 | 가온 | 4001832 (x9999)를 addbyId를 통해 얻음.

2021-08-27 10:28:08 | 뚱이 | 2435719 (x800)를 addbyItem을 통해 얻음.

2021-08-27 10:45:36 | 호이 | 5062010 (x500)를 addbyId를 통해 얻음.

2021-08-27 10:55:13 | 다크나이트 | 2048716 (x999)를 addbyItem을 통해 얻음.

2021-08-27 11:02:30 | 호이 | 5062009 (x1000)를 addbyId를 통해 얻음.

2021-08-27 11:48:20 | 칸나 | 5062010 (x500)를 addbyId를 통해 얻음.

2021-08-27 11:52:20 | 여우 | 5062010 (x500)를 addbyId를 통해 얻음.

2021-08-28 12:01:31 | 뚱이 | 5062010 (x500)를 addbyId를 통해 얻음.

2021-08-28 12:06:18 | 흰둥 | 2060011 (x1000)를 addbyId를 통해 얻음.

2021-08-28 12:06:19 | 흰둥 | 2060011 (x1000)를 addbyId를 통해 얻음.

2021-08-28 12:06:20 | 흰둥 | 2060011 (x1000)를 addbyId를 통해 얻음.

2021-08-28 12:59:36 | 다크나이트 | 2435719 (x937)를 addbyItem을 통해 얻음.

2021-08-28 12:59:42 | 다크나이트 | 4310229 (x577)를 addbyItem을 통해 얻음.

2021-08-28 01:04:22 | 종장 | 2060002 (x1000)를 addbyId를 통해 얻음.

2021-08-28 01:04:22 | 종장 | 2060002 (x1000)를 addbyId를 통해 얻음.

2021-08-28 01:04:22 | 종장 | 2060002 (x1000)를 addbyId를 통해 얻음.

2021-08-28 01:04:23 | 종장 | 2060002 (x1000)를 addbyId를 통해 얻음.

2021-08-28 01:04:23 | 종장 | 2060002 (x1000)를 addbyId를 통해 얻음.

2021-08-28 01:04:24 | 종장 | 2060002 (x1000)를 addbyId를 통해 얻음.

2021-08-28 01:04:24 | 종장 | 2060002 (x1000)를 addbyId를 통해 얻음.

2021-08-28 01:04:24 | 종장 | 2060002 (x1000)를 addbyId를 통해 얻음.

2021-08-28 01:04:25 | 종장 | 2060002 (x1000)를 addbyId를 통해 얻음.

2021-08-28 01:16:33 | 호이 | 5062010 (x500)를 addbyId를 통해 얻음.

2021-08-28 03:00:51 | 응애 | 5062010 (x500)를 addbyId를 통해 얻음.

2021-08-28 03:00:52 | 응애 | 5062010 (x500)를 addbyId를 통해 얻음.

2021-08-28 03:09:08 | 흰둥 | 4001832 (x9999)를 addbyId를 통해 얻음.

2021-08-28 03:41:37 | 응애 | 5062010 (x500)를 addbyId를 통해 얻음.

2021-08-28 03:59:13 | 응애 | 5062010 (x500)를 addbyId를 통해 얻음.

2021-08-28 06:07:00 | 호이 | 5062010 (x500)를 addbyId를 통해 얻음.

2021-08-28 08:40:08 | 호이 | 5062010 (x500)를 addbyId를 통해 얻음.

2021-08-28 08:40:09 | 호이 | 5062010 (x500)를 addbyId를 통해 얻음.

2021-08-28 09:13:30 | 꿀벌 | 5062010 (x500)를 addbyId를 통해 얻음.

2021-08-28 09:32:21 | 여우 | 4001832 (x5557)를 addbyItem을 통해 얻음.

2021-08-28 09:57:53 | 카오스 | 2070024 (x2000)를 addbyId를 통해 얻음.

2021-08-28 09:57:55 | 카오스 | 2070024 (x2000)를 addbyId를 통해 얻음.

2021-08-28 09:57:55 | 카오스 | 2070024 (x2000)를 addbyId를 통해 얻음.

2021-08-28 09:57:55 | 카오스 | 2070024 (x2000)를 addbyId를 통해 얻음.

2021-08-28 09:57:56 | 카오스 | 2070024 (x2000)를 addbyId를 통해 얻음.

2021-08-28 09:57:56 | 카오스 | 2070024 (x2000)를 addbyId를 통해 얻음.

2021-08-28 09:57:57 | 카오스 | 2070024 (x2000)를 addbyId를 통해 얻음.

2021-08-28 09:57:57 | 카오스 | 2070024 (x2000)를 addbyId를 통해 얻음.

2021-08-28 09:57:58 | 카오스 | 2070024 (x2000)를 addbyId를 통해 얻음.

2021-08-28 09:57:58 | 카오스 | 2070024 (x2000)를 addbyId를 통해 얻음.

2021-08-28 01:01:30 | 호이 | 5062010 (x500)를 addbyId를 통해 얻음.

2021-08-28 01:45:14 | 블랙 | 2435719 (x1176)를 addbyItem을 통해 얻음.

2021-08-28 02:12:21 | 오스 | 2048716 (x557)를 addbyItem을 통해 얻음.

2021-08-28 02:19:31 | 백델 | 4001832 (x9999)를 addbyId를 통해 얻음.

2021-08-28 02:19:33 | 백델 | 4001832 (x9999)를 addbyId를 통해 얻음.

2021-08-28 02:38:00 | 오스 | 5062009 (x1000)를 addbyId를 통해 얻음.

2021-08-28 02:42:47 | 암흑 | 4001832 (x9999)를 addbyId를 통해 얻음.

2021-08-28 02:42:51 | 암흑 | 4001832 (x9999)를 addbyId를 통해 얻음.

2021-08-28 02:51:23 | 오스 | 4001832 (x9999)를 addbyId를 통해 얻음.

2021-08-28 02:51:25 | 오스 | 4001832 (x9999)를 addbyId를 통해 얻음.

2021-08-28 02:51:27 | 오스 | 4001832 (x9999)를 addbyId를 통해 얻음.

2021-08-28 03:31:42 | 백댈 | 2060002 (x1000)를 addbyId를 통해 얻음.

2021-08-28 03:32:47 | 블랙 | 2048717 (x599)를 addbyItem을 통해 얻음.

2021-08-28 03:32:47 | 블랙 | 2048717 (x999)를 addbyItem을 통해 얻음.

2021-08-28 03:49:15 | 가온 | 4001832 (x9999)를 addbyId를 통해 얻음.

2021-08-28 05:01:04 | 별 | 4021031 (x1000)를 addbyItem을 통해 얻음.

2021-08-28 05:08:59 | 로나 | 4001832 (x9999)를 addbyId를 통해 얻음.

2021-08-28 05:09:00 | 로나 | 4001832 (x9999)를 addbyId를 통해 얻음.

2021-08-28 05:09:13 | 로나 | 4001832 (x9999)를 addbyId를 통해 얻음.

2021-08-28 05:30:36 | 블랙 | 5062009 (x1000)를 addbyId를 통해 얻음.

2021-08-28 05:41:23 | 오렌지 | 4001832 (x9999)를 addbyId를 통해 얻음.

2021-08-28 05:41:58 | 백델 | 4001832 (x9999)를 addbyId를 통해 얻음.

2021-08-28 05:55:13 | 쓰레기 | 2070005 (x1000)를 addbyId를 통해 얻음.

2021-08-28 05:55:13 | 쓰레기 | 2070005 (x1000)를 addbyId를 통해 얻음.

2021-08-28 06:00:11 | 엘프검사 | 5062010 (x500)를 addbyId를 통해 얻음.

2021-08-28 06:00:12 | 엘프검사 | 5062010 (x500)를 addbyId를 통해 얻음.

2021-08-28 06:00:15 | 엘프검사 | 5062009 (x1000)를 addbyId를 통해 얻음.

2021-08-28 06:08:57 | 꼬물 | 2070005 (x1000)를 addbyId를 통해 얻음.

2021-08-28 07:00:41 | 이션 | 2048716 (x999)를 addbyItem을 통해 얻음.

2021-08-28 07:00:41 | 이션 | 4021031 (x300)를 addbyItem을 통해 얻음.

2021-08-28 07:11:21 | 페파오스 | 2060011 (x1000)를 addbyId를 통해 얻음.

2021-08-28 07:11:22 | 페파오스 | 2060011 (x1000)를 addbyId를 통해 얻음.

2021-08-28 07:11:22 | 페파오스 | 2060011 (x1000)를 addbyId를 통해 얻음.

2021-08-28 07:11:23 | 페파오스 | 2060011 (x1000)를 addbyId를 통해 얻음.

2021-08-28 07:11:23 | 페파오스 | 2060011 (x1000)를 addbyId를 통해 얻음.

2021-08-28 07:11:25 | 페파오스 | 2060002 (x1000)를 addbyId를 통해 얻음.

2021-08-28 07:11:26 | 페파오스 | 2060002 (x1000)를 addbyId를 통해 얻음.

2021-08-28 07:11:26 | 페파오스 | 2060002 (x1000)를 addbyId를 통해 얻음.

2021-08-28 07:11:27 | 페파오스 | 2060002 (x1000)를 addbyId를 통해 얻음.

2021-08-28 07:11:27 | 페파오스 | 2060002 (x1000)를 addbyId를 통해 얻음.

2021-08-28 07:11:28 | 페파오스 | 2060002 (x1000)를 addbyId를 통해 얻음.

2021-08-28 07:11:28 | 페파오스 | 2060002 (x1000)를 addbyId를 통해 얻음.

2021-08-28 07:11:28 | 페파오스 | 2060002 (x1000)를 addbyId를 통해 얻음.

2021-08-28 07:11:29 | 페파오스 | 2060002 (x1000)를 addbyId를 통해 얻음.

2021-08-28 07:11:30 | 페파오스 | 2060002 (x1000)를 addbyId를 통해 얻음.

2021-08-28 07:33:32 | 이션 | 5062010 (x500)를 addbyId를 통해 얻음.

2021-08-28 07:33:32 | 이션 | 5062010 (x500)를 addbyId를 통해 얻음.

2021-08-28 07:46:28 | 나로오스 | 2070024 (x2000)를 addbyId를 통해 얻음.

2021-08-28 07:46:29 | 나로오스 | 2070024 (x2000)를 addbyId를 통해 얻음.

2021-08-28 07:46:29 | 나로오스 | 2070024 (x2000)를 addbyId를 통해 얻음.

2021-08-28 07:46:30 | 나로오스 | 2070024 (x2000)를 addbyId를 통해 얻음.

2021-08-28 07:46:30 | 나로오스 | 2070024 (x2000)를 addbyId를 통해 얻음.

2021-08-28 07:46:30 | 나로오스 | 2070024 (x2000)를 addbyId를 통해 얻음.

2021-08-28 08:02:30 | 고셔잉 | 2060002 (x1000)를 addbyId를 통해 얻음.

2021-08-28 08:47:23 | 응애 | 4001832 (x9999)를 addbyId를 통해 얻음.

2021-08-28 09:24:06 | 여우 | 5062010 (x500)를 addbyId를 통해 얻음.

2021-08-28 09:24:07 | 여우 | 5062010 (x500)를 addbyId를 통해 얻음.

2021-08-28 09:24:09 | 여우 | 5062010 (x500)를 addbyId를 통해 얻음.

2021-08-28 10:30:29 | 호이 | 5062010 (x500)를 addbyId를 통해 얻음.

2021-08-28 11:06:55 | 블랙 | 4001832 (x9999)를 addbyId를 통해 얻음.

2021-08-28 11:18:08 | 나리 | 2070024 (x2000)를 addbyId를 통해 얻음.

2021-08-28 11:18:10 | 나리 | 2070024 (x2000)를 addbyId를 통해 얻음.

2021-08-28 11:40:36 | 나리 | 2070026 (x2000)를 addbyId를 통해 얻음.

2021-08-28 11:40:38 | 나리 | 2070023 (x1500)를 addbyId를 통해 얻음.

2021-08-28 11:43:40 | 나리 | 2048716 (x400)를 addbyItem을 통해 얻음.

2021-08-28 11:48:09 | 나리 | 2070026 (x2000)를 addbyId를 통해 얻음.

2021-08-28 11:48:11 | 나리 | 2070026 (x2000)를 addbyId를 통해 얻음.

2021-08-28 11:48:13 | 나리 | 2070026 (x2000)를 addbyId를 통해 얻음.

2021-08-28 11:48:14 | 나리 | 2070026 (x2000)를 addbyId를 통해 얻음.

2021-08-28 11:48:16 | 나리 | 2070026 (x2000)를 addbyId를 통해 얻음.

2021-08-28 11:50:00 | 박봄 | 4001832 (x999)를 addbyItem을 통해 얻음.

2021-08-28 11:50:01 | 박봄 | 4001832 (x7123)를 addbyItem을 통해 얻음.

2021-08-29 12:02:48 | 다크나이트 | 5062009 (x1000)를 addbyId를 통해 얻음.

2021-08-29 12:15:04 | 나리 | 4021031 (x300)를 addbyItem을 통해 얻음.

2021-08-29 12:39:47 | 이션 | 2048716 (x403)를 addbyItem을 통해 얻음.

2021-08-29 01:09:10 | 이션 | 4001832 (x9999)를 addbyId를 통해 얻음.

2021-08-29 01:09:11 | 이션 | 4001832 (x9999)를 addbyId를 통해 얻음.

2021-08-29 01:09:11 | 이션 | 4001832 (x9999)를 addbyId를 통해 얻음.

2021-08-29 01:09:12 | 이션 | 4001832 (x9999)를 addbyId를 통해 얻음.

2021-08-29 01:26:10 | 박봄 | 4001832 (x9999)를 addbyId를 통해 얻음.

2021-08-29 03:26:04 | 가온 | 4001832 (x9999)를 addbyId를 통해 얻음.

2021-08-29 03:26:04 | 가온 | 4001832 (x9999)를 addbyId를 통해 얻음.

2021-08-29 03:26:27 | 가온 | 4001832 (x9999)를 addbyId를 통해 얻음.

2021-08-29 03:26:27 | 가온 | 4001832 (x9999)를 addbyId를 통해 얻음.

2021-08-29 03:50:24 | 당근 | 2048716 (x500)를 addbyItem을 통해 얻음.

2021-08-29 04:40:38 | 호이 | 5062010 (x500)를 addbyId를 통해 얻음.

2021-08-29 12:51:35 | 블랙 | 5062009 (x1000)를 addbyId를 통해 얻음.

2021-08-29 01:19:07 | 백델 | 4001832 (x9999)를 addbyId를 통해 얻음.

2021-08-29 01:19:07 | 백델 | 4001832 (x9999)를 addbyId를 통해 얻음.

2021-08-29 01:19:08 | 백델 | 4001832 (x9999)를 addbyId를 통해 얻음.

2021-08-29 01:55:26 | 가온 | 5062010 (x500)를 addbyId를 통해 얻음.

2021-08-29 02:06:31 | 뚱이 | 4001832 (x9999)를 addbyId를 통해 얻음.

2021-08-29 02:42:47 | coco | 2070005 (x1000)를 addbyId를 통해 얻음.

2021-08-29 02:42:47 | coco | 2070005 (x1000)를 addbyId를 통해 얻음.

2021-08-29 02:42:48 | coco | 2070005 (x1000)를 addbyId를 통해 얻음.

2021-08-29 02:45:36 | coco | 2070026 (x2000)를 addbyId를 통해 얻음.

2021-08-29 02:45:36 | coco | 2070026 (x2000)를 addbyId를 통해 얻음.

2021-08-29 02:45:37 | coco | 2070026 (x2000)를 addbyId를 통해 얻음.

2021-08-29 02:45:37 | coco | 2070026 (x2000)를 addbyId를 통해 얻음.

2021-08-29 02:45:38 | coco | 2070026 (x2000)를 addbyId를 통해 얻음.

2021-08-29 03:11:11 | 가온 | 5062010 (x500)를 addbyId를 통해 얻음.

2021-08-29 03:16:45 | 응애 | 5062010 (x500)를 addbyId를 통해 얻음.

2021-08-29 03:30:21 | 꿀벌 | 4021031 (x388)를 addbyItem을 통해 얻음.

2021-08-29 03:32:27 | 꿀벌 | 2048717 (x999)를 addbyItem을 통해 얻음.

2021-08-29 03:32:28 | 꿀벌 | 2048717 (x539)를 addbyItem을 통해 얻음.

2021-08-29 03:46:09 | 꿀벌 | 5062009 (x1000)를 addbyId를 통해 얻음.

2021-08-29 03:56:16 | 꿀벌 | 5062009 (x462)를 addbyItem을 통해 얻음.

2021-08-29 06:14:34 | 포도 | 2070024 (x2000)를 addbyId를 통해 얻음.

2021-08-29 06:14:43 | 포도 | 2070026 (x2000)를 addbyId를 통해 얻음.

2021-08-29 06:14:43 | 포도 | 2070026 (x2000)를 addbyId를 통해 얻음.

2021-08-29 06:14:44 | 포도 | 2070026 (x2000)를 addbyId를 통해 얻음.

2021-08-29 06:14:44 | 포도 | 2070026 (x2000)를 addbyId를 통해 얻음.

2021-08-29 06:14:44 | 포도 | 2070026 (x2000)를 addbyId를 통해 얻음.

2021-08-29 06:46:47 | 응애 | 4001832 (x9999)를 addbyId를 통해 얻음.

2021-08-29 07:16:42 | 슈즈 | 5062009 (x1000)를 addbyId를 통해 얻음.

2021-08-29 08:14:19 | 꿀벌 | 4001832 (x9999)를 addbyId를 통해 얻음.

2021-08-29 08:14:21 | 꿀벌 | 4001832 (x9999)를 addbyId를 통해 얻음.

2021-08-29 08:14:21 | 꿀벌 | 4001832 (x9999)를 addbyId를 통해 얻음.

2021-08-29 08:14:53 | 꿀벌 | 4001832 (x9999)를 addbyId를 통해 얻음.

2021-08-29 08:17:07 | 꿀벌 | 4001832 (x9999)를 addbyId를 통해 얻음.

2021-08-29 08:17:07 | 꿀벌 | 4001832 (x9999)를 addbyId를 통해 얻음.

2021-08-29 08:17:27 | 꿀벌 | 4001832 (x9999)를 addbyId를 통해 얻음.

2021-08-29 08:17:45 | 비숑 | 4001832 (x4577)를 addbyItem을 통해 얻음.

2021-08-29 08:19:10 | 꿀벌 | 4001832 (x9999)를 addbyId를 통해 얻음.

2021-08-29 08:19:11 | 꿀벌 | 4001832 (x9999)를 addbyId를 통해 얻음.

2021-08-29 08:19:12 | 꿀벌 | 4001832 (x9999)를 addbyId를 통해 얻음.

2021-08-29 08:21:14 | 꿀벌 | 4001832 (x9999)를 addbyId를 통해 얻음.

2021-08-29 08:21:15 | 꿀벌 | 4001832 (x9999)를 addbyId를 통해 얻음.

2021-08-29 08:21:15 | 꿀벌 | 4001832 (x9999)를 addbyId를 통해 얻음.

2021-08-29 08:33:53 | 비숑 | 5062010 (x500)를 addbyId를 통해 얻음.

2021-08-29 08:54:15 | 호이 | 5062010 (x500)를 addbyId를 통해 얻음.

2021-08-29 09:01:13 | 켑틴 | 2330000 (x800)를 addbyId를 통해 얻음.

2021-08-29 09:01:19 | 켑틴 | 2330000 (x800)를 addbyId를 통해 얻음.

2021-08-29 09:17:34 | 비숑 | 5062009 (x1000)를 addbyId를 통해 얻음.

2021-08-29 09:17:36 | 비숑 | 5062009 (x1000)를 addbyId를 통해 얻음.

2021-08-29 09:18:48 | 호이 | 5062010 (x500)를 addbyId를 통해 얻음.

2021-08-29 09:18:49 | 호이 | 5062010 (x500)를 addbyId를 통해 얻음.

2021-08-29 09:43:27 | 이즈리얼 | 2330016 (x2600)를 addbyId를 통해 얻음.

2021-08-29 09:43:27 | 이즈리얼 | 2330016 (x2600)를 addbyId를 통해 얻음.

2021-08-29 09:43:27 | 이즈리얼 | 2330016 (x2600)를 addbyId를 통해 얻음.

2021-08-29 09:43:28 | 이즈리얼 | 2330016 (x2600)를 addbyId를 통해 얻음.

2021-08-29 09:43:28 | 이즈리얼 | 2330016 (x2600)를 addbyId를 통해 얻음.

2021-08-29 09:51:55 | 유정 | 4001832 (x9999)를 addbyId를 통해 얻음.

2021-08-29 10:02:20 | 유정 | 4001832 (x9999)를 addbyId를 통해 얻음.

2021-08-29 10:02:21 | 유정 | 4001832 (x9999)를 addbyId를 통해 얻음.

2021-08-29 10:02:26 | 유정 | 4001832 (x9999)를 addbyId를 통해 얻음.

2021-08-29 10:02:26 | 유정 | 4001832 (x9999)를 addbyId를 통해 얻음.

2021-08-29 10:02:27 | 유정 | 4001832 (x9999)를 addbyId를 통해 얻음.

2021-08-29 10:02:33 | 오스 | 4001832 (x9999)를 addbyId를 통해 얻음.

2021-08-29 10:02:34 | 오스 | 4001832 (x9999)를 addbyId를 통해 얻음.

2021-08-29 10:02:34 | 오스 | 4001832 (x9999)를 addbyId를 통해 얻음.

2021-08-29 10:02:35 | 오스 | 4001832 (x9999)를 addbyId를 통해 얻음.

2021-08-29 10:05:22 | 여우 | 4001832 (x9999)를 addbyId를 통해 얻음.

2021-08-29 10:05:23 | 여우 | 4001832 (x9999)를 addbyId를 통해 얻음.

2021-08-29 10:05:24 | 여우 | 4001832 (x9999)를 addbyId를 통해 얻음.

2021-08-29 10:05:38 | 여우 | 4001832 (x9999)를 addbyId를 통해 얻음.

2021-08-29 10:05:39 | 여우 | 4001832 (x9999)를 addbyId를 통해 얻음.

2021-08-29 10:05:39 | 여우 | 4001832 (x9999)를 addbyId를 통해 얻음.

2021-08-29 10:05:40 | 여우 | 4001832 (x9999)를 addbyId를 통해 얻음.

2021-08-29 10:30:32 | 호이 | 5062010 (x500)를 addbyId를 통해 얻음.

2021-08-29 10:30:33 | 호이 | 5062010 (x500)를 addbyId를 통해 얻음.

2021-08-29 10:36:29 | 여우 | 5062010 (x500)를 addbyId를 통해 얻음.

2021-08-29 11:25:40 | 다크나이트 | 5062009 (x1000)를 addbyId를 통해 얻음.

2021-08-30 12:32:24 | 렘 | 4001832 (x9999)를 addbyId를 통해 얻음.

2021-08-30 12:32:25 | 렘 | 4001832 (x9999)를 addbyId를 통해 얻음.

2021-08-30 01:54:36 | 다크나이트 | 4001832 (x9999)를 addbyId를 통해 얻음.

2021-08-30 01:54:37 | 다크나이트 | 4001832 (x9999)를 addbyId를 통해 얻음.

2021-08-30 01:54:37 | 다크나이트 | 4001832 (x9999)를 addbyId를 통해 얻음.

2021-08-30 01:54:37 | 다크나이트 | 4001832 (x9999)를 addbyId를 통해 얻음.

2021-08-30 01:54:37 | 다크나이트 | 4001832 (x9999)를 addbyId를 통해 얻음.

2021-08-30 01:54:37 | 다크나이트 | 4001832 (x9999)를 addbyId를 통해 얻음.

2021-08-30 01:54:38 | 다크나이트 | 4001832 (x9999)를 addbyId를 통해 얻음.

2021-08-30 01:54:38 | 다크나이트 | 4001832 (x9999)를 addbyId를 통해 얻음.

2021-08-30 01:54:38 | 다크나이트 | 4001832 (x9999)를 addbyId를 통해 얻음.

2021-08-30 01:54:38 | 다크나이트 | 4001832 (x9999)를 addbyId를 통해 얻음.

2021-08-30 01:54:38 | 다크나이트 | 4001832 (x9999)를 addbyId를 통해 얻음.

2021-08-30 01:54:38 | 다크나이트 | 4001832 (x9999)를 addbyId를 통해 얻음.

2021-08-30 02:40:47 | 당근 | 4001832 (x9999)를 addbyId를 통해 얻음.

2021-08-30 09:44:31 | 다크나이트 | 5062009 (x1000)를 addbyId를 통해 얻음.

2021-08-30 09:44:32 | 다크나이트 | 5062009 (x1000)를 addbyId를 통해 얻음.

2021-08-30 11:34:50 | 재획중 | 2435719 (x924)를 addbyItem을 통해 얻음.

2021-08-30 11:56:31 | 유정 | 4001832 (x9999)를 addbyId를 통해 얻음.

2021-08-30 11:56:31 | 유정 | 4001832 (x9999)를 addbyId를 통해 얻음.

2021-08-30 11:56:32 | 유정 | 4001832 (x9999)를 addbyId를 통해 얻음.

2021-08-30 11:56:32 | 유정 | 4001832 (x9999)를 addbyId를 통해 얻음.

2021-08-30 12:48:41 | 에코라파덕 | 4001832 (x9999)를 addbyId를 통해 얻음.

2021-08-30 12:48:45 | 에코라파덕 | 4001832 (x9999)를 addbyId를 통해 얻음.

2021-08-30 12:52:06 | 에코라파덕 | 4001832 (x9999)를 addbyId를 통해 얻음.

2021-08-30 12:52:09 | 에코라파덕 | 4001832 (x9999)를 addbyId를 통해 얻음.

2021-08-30 12:52:16 | 에코라파덕 | 4001832 (x9999)를 addbyId를 통해 얻음.

2021-08-30 02:31:25 | 렘 | 4021031 (x300)를 addbyItem을 통해 얻음.

2021-08-30 02:40:42 | 레이 | 4001832 (x9999)를 addbyId를 통해 얻음.

2021-08-30 02:40:43 | 레이 | 4001832 (x9999)를 addbyId를 통해 얻음.

2021-08-30 02:51:20 | 레이 | 5062010 (x500)를 addbyId를 통해 얻음.

2021-08-30 03:15:31 | 레이 | 5062010 (x336)를 addbyItem을 통해 얻음.

2021-08-30 03:15:31 | 레이 | 5062010 (x362)를 addbyItem을 통해 얻음.

2021-08-30 03:15:33 | 레이 | 5062009 (x305)를 addbyItem을 통해 얻음.

2021-08-30 03:26:32 | 레이 | 4001832 (x8000)를 addbyItem을 통해 얻음.

2021-08-30 04:06:48 | 섀도어 | 5062010 (x500)를 addbyId를 통해 얻음.

2021-08-30 04:16:52 | 렘 | 5062010 (x500)를 addbyId를 통해 얻음.

2021-08-30 04:22:58 | 렘 | 4001832 (x9999)를 addbyId를 통해 얻음.

2021-08-30 04:22:58 | 렘 | 4001832 (x9999)를 addbyId를 통해 얻음.

2021-08-30 04:22:59 | 렘 | 4001832 (x9999)를 addbyId를 통해 얻음.

2021-08-30 04:26:29 | 렘 | 4001832 (x9999)를 addbyId를 통해 얻음.

2021-08-30 04:26:30 | 렘 | 4001832 (x9999)를 addbyId를 통해 얻음.

2021-08-30 04:26:30 | 렘 | 4001832 (x9999)를 addbyId를 통해 얻음.

2021-08-30 04:26:31 | 렘 | 4001832 (x9999)를 addbyId를 통해 얻음.

2021-08-30 04:26:31 | 렘 | 4001832 (x9999)를 addbyId를 통해 얻음.

2021-08-30 04:26:31 | 렘 | 4001832 (x9999)를 addbyId를 통해 얻음.

2021-08-30 04:26:32 | 렘 | 4001832 (x9999)를 addbyId를 통해 얻음.

2021-08-30 04:26:32 | 렘 | 4001832 (x9999)를 addbyId를 통해 얻음.

2021-08-30 04:26:32 | 렘 | 4001832 (x9999)를 addbyId를 통해 얻음.

2021-08-30 04:26:33 | 렘 | 4001832 (x9999)를 addbyId를 통해 얻음.

2021-08-30 04:28:25 | 렘 | 4001832 (x9999)를 addbyId를 통해 얻음.

2021-08-30 04:28:25 | 렘 | 4001832 (x9999)를 addbyId를 통해 얻음.

2021-08-30 04:28:26 | 렘 | 4001832 (x9999)를 addbyId를 통해 얻음.

2021-08-30 04:28:26 | 렘 | 4001832 (x9999)를 addbyId를 통해 얻음.

2021-08-30 04:28:26 | 렘 | 4001832 (x9999)를 addbyId를 통해 얻음.

2021-08-30 04:28:27 | 렘 | 4001832 (x9999)를 addbyId를 통해 얻음.

2021-08-30 04:28:27 | 렘 | 4001832 (x9999)를 addbyId를 통해 얻음.

2021-08-30 04:28:27 | 렘 | 4001832 (x9999)를 addbyId를 통해 얻음.

2021-08-30 04:28:28 | 렘 | 4001832 (x9999)를 addbyId를 통해 얻음.

2021-08-30 04:28:28 | 렘 | 4001832 (x9999)를 addbyId를 통해 얻음.

2021-08-30 04:28:29 | 렘 | 4001832 (x9999)를 addbyId를 통해 얻음.

2021-08-30 04:28:29 | 렘 | 4001832 (x9999)를 addbyId를 통해 얻음.

2021-08-30 04:28:30 | 렘 | 4001832 (x9999)를 addbyId를 통해 얻음.

2021-08-30 04:28:30 | 렘 | 4001832 (x9999)를 addbyId를 통해 얻음.

2021-08-30 04:28:30 | 렘 | 4001832 (x9999)를 addbyId를 통해 얻음.

2021-08-30 04:28:31 | 렘 | 4001832 (x9999)를 addbyId를 통해 얻음.

2021-08-30 04:28:31 | 렘 | 4001832 (x9999)를 addbyId를 통해 얻음.

2021-08-30 04:28:32 | 렘 | 4001832 (x9999)를 addbyId를 통해 얻음.

2021-08-30 04:28:32 | 렘 | 4001832 (x9999)를 addbyId를 통해 얻음.

2021-08-30 04:28:32 | 렘 | 4001832 (x9999)를 addbyId를 통해 얻음.

2021-08-30 04:30:31 | 렘 | 4001832 (x9999)를 addbyId를 통해 얻음.

2021-08-30 04:30:31 | 렘 | 4001832 (x9999)를 addbyId를 통해 얻음.

2021-08-30 04:30:31 | 렘 | 4001832 (x9999)를 addbyId를 통해 얻음.

2021-08-30 05:20:43 | 렘 | 4001832 (x9999)를 addbyId를 통해 얻음.

2021-08-30 05:20:43 | 렘 | 4001832 (x9999)를 addbyId를 통해 얻음.

2021-08-30 05:20:44 | 렘 | 4001832 (x9999)를 addbyId를 통해 얻음.

2021-08-30 05:21:05 | 렘 | 4001832 (x9999)를 addbyId를 통해 얻음.

2021-08-30 05:21:06 | 렘 | 4001832 (x9999)를 addbyId를 통해 얻음.

2021-08-30 05:21:06 | 렘 | 4001832 (x9999)를 addbyId를 통해 얻음.

2021-08-30 05:21:37 | 넴넴 | 4001832 (x9999)를 addbyId를 통해 얻음.

2021-08-30 05:21:38 | 넴넴 | 4001832 (x9999)를 addbyId를 통해 얻음.

2021-08-30 05:21:38 | 넴넴 | 4001832 (x9999)를 addbyId를 통해 얻음.

2021-08-30 05:23:01 | 넴넴 | 4001832 (x9999)를 addbyId를 통해 얻음.

2021-08-30 05:23:02 | 넴넴 | 4001832 (x9999)를 addbyId를 통해 얻음.

2021-08-30 05:23:02 | 넴넴 | 4001832 (x9999)를 addbyId를 통해 얻음.

2021-08-30 05:23:02 | 넴넴 | 4001832 (x9999)를 addbyId를 통해 얻음.

2021-08-30 05:23:02 | 넴넴 | 4001832 (x9999)를 addbyId를 통해 얻음.

2021-08-30 05:23:03 | 넴넴 | 4001832 (x9999)를 addbyId를 통해 얻음.

2021-08-30 05:23:03 | 넴넴 | 4001832 (x9999)를 addbyId를 통해 얻음.

2021-08-30 05:23:03 | 넴넴 | 4001832 (x9999)를 addbyId를 통해 얻음.

2021-08-30 05:23:39 | 렘 | 4001832 (x9999)를 addbyId를 통해 얻음.

2021-08-30 05:24:22 | 렘 | 4001832 (x9999)를 addbyId를 통해 얻음.

2021-08-30 06:20:22 | 호이 | 5062010 (x322)를 addbyItem을 통해 얻음.

2021-08-30 06:20:23 | 호이 | 5062010 (x362)를 addbyItem을 통해 얻음.

2021-08-30 06:20:25 | 호이 | 5062009 (x305)를 addbyItem을 통해 얻음.

2021-08-30 06:25:10 | 여우 | 5062010 (x500)를 addbyId를 통해 얻음.

2021-08-30 06:34:49 | 유정3 | 2060002 (x1000)를 addbyId를 통해 얻음.

2021-08-30 06:44:24 | 유정4 | 2060002 (x1000)를 addbyId를 통해 얻음.

2021-08-30 06:44:30 | 유정4 | 2061002 (x1000)를 addbyId를 통해 얻음.

2021-08-30 06:58:09 | 유정5 | 2070024 (x2000)를 addbyId를 통해 얻음.

2021-08-30 06:59:27 | 여우 | 5062010 (x500)를 addbyId를 통해 얻음.

2021-08-30 07:18:37 | 오스 | 5062009 (x1000)를 addbyId를 통해 얻음.

2021-08-30 07:54:05 | 가온 | 4001832 (x9999)를 addbyId를 통해 얻음.

2021-08-30 07:54:06 | 가온 | 4001832 (x9999)를 addbyId를 통해 얻음.

2021-08-30 08:13:59 | 농부 | 2070024 (x2000)를 addbyId를 통해 얻음.

2021-08-30 08:13:59 | 농부 | 2070024 (x2000)를 addbyId를 통해 얻음.

2021-08-30 08:14:00 | 농부 | 2070024 (x2000)를 addbyId를 통해 얻음.

2021-08-30 08:14:00 | 농부 | 2070024 (x2000)를 addbyId를 통해 얻음.

2021-08-30 08:14:01 | 농부 | 2070024 (x2000)를 addbyId를 통해 얻음.

2021-08-30 08:14:01 | 농부 | 2070024 (x2000)를 addbyId를 통해 얻음.

2021-08-30 08:14:01 | 농부 | 2070024 (x2000)를 addbyId를 통해 얻음.

2021-08-30 08:14:02 | 농부 | 2070024 (x2000)를 addbyId를 통해 얻음.

2021-08-30 08:14:02 | 농부 | 2070024 (x2000)를 addbyId를 통해 얻음.

2021-08-30 08:14:02 | 농부 | 2070024 (x2000)를 addbyId를 통해 얻음.

2021-08-30 08:59:34 | 원기딸 | 2048716 (x300)를 addbyItem을 통해 얻음.

2021-08-30 08:59:34 | 원기딸 | 4001832 (x9000)를 addbyItem을 통해 얻음.

2021-08-30 08:59:34 | 원기딸 | 4001832 (x9000)를 addbyItem을 통해 얻음.

2021-08-30 09:07:46 | 별 | 5062009 (x1000)를 addbyId를 통해 얻음.

2021-08-30 09:15:06 | 원기딸 | 4001832 (x9999)를 addbyId를 통해 얻음.

2021-08-30 09:15:06 | 원기딸 | 4001832 (x9999)를 addbyId를 통해 얻음.

2021-08-30 09:15:07 | 원기딸 | 4001832 (x9999)를 addbyId를 통해 얻음.

2021-08-30 09:15:10 | 원기딸 | 4001832 (x9999)를 addbyId를 통해 얻음.

2021-08-30 09:21:06 | 원기딸 | 4001832 (x9999)를 addbyId를 통해 얻음.

2021-08-30 09:21:06 | 원기딸 | 4001832 (x9999)를 addbyId를 통해 얻음.

2021-08-30 09:21:07 | 원기딸 | 4001832 (x9999)를 addbyId를 통해 얻음.

2021-08-30 09:30:51 | 나커 | 2070024 (x2000)를 addbyId를 통해 얻음.

2021-08-30 09:30:54 | 나커 | 2070024 (x2000)를 addbyId를 통해 얻음.

2021-08-30 09:43:22 | 뚜킴 | 4001832 (x9999)를 addbyId를 통해 얻음.

2021-08-30 09:43:22 | 공주 | 5062009 (x1000)를 addbyId를 통해 얻음.

2021-08-30 09:44:36 | 고양이조련사 | 2061009 (x1000)를 addbyId를 통해 얻음.

2021-08-30 09:44:36 | 고양이조련사 | 2061009 (x1000)를 addbyId를 통해 얻음.

2021-08-30 09:44:43 | 고양이조련사 | 2061002 (x1000)를 addbyId를 통해 얻음.

2021-08-30 10:15:51 | 보우매스터 | 2061002 (x1000)를 addbyId를 통해 얻음.

2021-08-30 10:26:39 | 유정7 | 2060002 (x1000)를 addbyId를 통해 얻음.

2021-08-30 10:26:40 | 유정7 | 2061002 (x1000)를 addbyId를 통해 얻음.

2021-08-30 10:35:25 | 루나틱 | 4001832 (x9999)를 addbyId를 통해 얻음.

2021-08-30 10:40:50 | 유정1 | 4001832 (x9999)를 addbyId를 통해 얻음.

2021-08-30 10:45:06 | 재획중 | 4001832 (x9000)를 addbyItem을 통해 얻음.

2021-08-30 10:45:07 | 재획중 | 4001832 (x5619)를 addbyItem을 통해 얻음.

2021-08-30 10:45:07 | 재획중 | 4001832 (x9000)를 addbyItem을 통해 얻음.

2021-08-30 10:45:07 | 재획중 | 4001832 (x9000)를 addbyItem을 통해 얻음.

2021-08-30 10:45:08 | 재획중 | 4001832 (x9000)를 addbyItem을 통해 얻음.

2021-08-30 10:45:08 | 재획중 | 4001832 (x9000)를 addbyItem을 통해 얻음.

2021-08-30 10:45:08 | 재획중 | 4001832 (x9000)를 addbyItem을 통해 얻음.

2021-08-30 10:45:09 | 재획중 | 4001832 (x9000)를 addbyItem을 통해 얻음.

2021-08-30 10:45:09 | 재획중 | 4001832 (x9000)를 addbyItem을 통해 얻음.

2021-08-30 10:45:09 | 재획중 | 4001832 (x3405)를 addbyItem을 통해 얻음.

2021-08-30 11:09:51 | 돈짱 | 2060011 (x1000)를 addbyId를 통해 얻음.

2021-08-30 11:09:53 | 돈짱 | 2060011 (x1000)를 addbyId를 통해 얻음.

2021-08-30 11:09:54 | 돈짱 | 2060011 (x1000)를 addbyId를 통해 얻음.

2021-08-30 11:09:55 | 돈짱 | 2060011 (x1000)를 addbyId를 통해 얻음.

2021-08-30 11:09:57 | 돈짱 | 2060002 (x1000)를 addbyId를 통해 얻음.

2021-08-30 11:09:57 | 돈짱 | 2060002 (x1000)를 addbyId를 통해 얻음.

2021-08-30 11:09:58 | 돈짱 | 2060002 (x1000)를 addbyId를 통해 얻음.

2021-08-30 11:09:58 | 돈짱 | 2060002 (x1000)를 addbyId를 통해 얻음.

2021-08-30 11:09:59 | 돈짱 | 2060002 (x1000)를 addbyId를 통해 얻음.

2021-08-30 11:18:25 | 재획중 | 4001832 (x9999)를 addbyId를 통해 얻음.

2021-08-30 11:18:25 | 재획중 | 4001832 (x9999)를 addbyId를 통해 얻음.

2021-08-30 11:18:25 | 재획중 | 4001832 (x9999)를 addbyId를 통해 얻음.

2021-08-30 11:18:25 | 재획중 | 4001832 (x9999)를 addbyId를 통해 얻음.

2021-08-30 11:18:25 | 재획중 | 4001832 (x9999)를 addbyId를 통해 얻음.

2021-08-30 11:18:26 | 재획중 | 4001832 (x9999)를 addbyId를 통해 얻음.

2021-08-30 11:18:26 | 재획중 | 4001832 (x9999)를 addbyId를 통해 얻음.

2021-08-30 11:18:26 | 재획중 | 4001832 (x9999)를 addbyId를 통해 얻음.

2021-08-30 11:18:26 | 재획중 | 4001832 (x9999)를 addbyId를 통해 얻음.

2021-08-30 11:18:26 | 재획중 | 4001832 (x9999)를 addbyId를 통해 얻음.

2021-08-30 11:25:32 | 재획중 | 5062009 (x1000)를 addbyItem을 통해 얻음.

2021-08-30 11:25:32 | 재획중 | 5062009 (x473)를 addbyItem을 통해 얻음.

2021-08-31 12:05:11 | 감기 | 2070024 (x2000)를 addbyId를 통해 얻음.

2021-08-31 12:05:17 | 감기 | 2070023 (x1500)를 addbyId를 통해 얻음.

2021-08-31 12:15:13 | 유정8 | 2070024 (x2000)를 addbyId를 통해 얻음.

2021-08-31 12:15:13 | 유정8 | 2070024 (x2000)를 addbyId를 통해 얻음.

2021-08-31 12:15:14 | 유정8 | 2070024 (x2000)를 addbyId를 통해 얻음.

2021-08-31 12:15:14 | 유정8 | 2070024 (x2000)를 addbyId를 통해 얻음.

2021-08-31 12:15:14 | 유정8 | 2070024 (x2000)를 addbyId를 통해 얻음.

2021-08-31 12:15:15 | 유정8 | 2070024 (x2000)를 addbyId를 통해 얻음.

2021-08-31 12:15:15 | 유정8 | 2070024 (x2000)를 addbyId를 통해 얻음.

2021-08-31 12:15:16 | 유정8 | 2070024 (x2000)를 addbyId를 통해 얻음.

2021-08-31 12:15:16 | 유정8 | 2070024 (x2000)를 addbyId를 통해 얻음.

2021-08-31 12:15:17 | 유정8 | 2070024 (x2000)를 addbyId를 통해 얻음.

2021-08-31 12:35:34 | 흰둥 | 4001832 (x9999)를 addbyId를 통해 얻음.

2021-08-31 08:25:23 | 농부 | 5062009 (x1000)를 addbyId를 통해 얻음.

2021-08-31 09:06:06 | 늄남 | 2060002 (x1000)를 addbyId를 통해 얻음.

2021-08-31 09:06:07 | 늄남 | 2061002 (x1000)를 addbyId를 통해 얻음.

2021-08-31 09:10:11 | 냠냄 | 2070011 (x800)를 addbyId를 통해 얻음.

2021-08-31 10:09:19 | 감기 | 2070023 (x1500)를 addbyId를 통해 얻음.

2021-08-31 10:09:19 | 감기 | 2070023 (x1500)를 addbyId를 통해 얻음.

2021-08-31 10:12:42 | 유정 | 5062010 (x500)를 addbyId를 통해 얻음.

2021-08-31 10:14:25 | 유정 | 5062009 (x1000)를 addbyId를 통해 얻음.

2021-08-31 11:11:59 | 유니10 | 2330000 (x800)를 addbyId를 통해 얻음.

2021-08-31 11:12:04 | 유니10 | 2330000 (x800)를 addbyId를 통해 얻음.

2021-08-31 11:12:04 | 유니10 | 2330000 (x800)를 addbyId를 통해 얻음.

2021-08-31 12:22:43 | 오렌지 | 4021031 (x1000)를 addbyItem을 통해 얻음.

2021-08-31 12:36:46 | 가온 | 4001832 (x9999)를 addbyId를 통해 얻음.

2021-08-31 12:36:47 | 가온 | 4001832 (x9999)를 addbyId를 통해 얻음.

2021-08-31 12:36:47 | 가온 | 4001832 (x9999)를 addbyId를 통해 얻음.

2021-08-31 12:36:47 | 가온 | 4001832 (x9999)를 addbyId를 통해 얻음.

2021-08-31 12:36:48 | 가온 | 4001832 (x9999)를 addbyId를 통해 얻음.

2021-08-31 12:36:48 | 가온 | 4001832 (x9999)를 addbyId를 통해 얻음.

2021-08-31 12:36:49 | 가온 | 4001832 (x9999)를 addbyId를 통해 얻음.

2021-08-31 12:37:12 | 가온 | 4001832 (x9999)를 addbyId를 통해 얻음.

2021-08-31 12:37:12 | 가온 | 4001832 (x9999)를 addbyId를 통해 얻음.

2021-08-31 12:37:13 | 가온 | 4001832 (x9999)를 addbyId를 통해 얻음.

2021-08-31 12:37:13 | 가온 | 4001832 (x9999)를 addbyId를 통해 얻음.

2021-08-31 12:37:13 | 가온 | 4001832 (x9999)를 addbyId를 통해 얻음.

2021-08-31 12:37:14 | 가온 | 4001832 (x9999)를 addbyId를 통해 얻음.

2021-08-31 12:37:14 | 가온 | 4001832 (x9999)를 addbyId를 통해 얻음.

2021-08-31 12:37:14 | 가온 | 4001832 (x9999)를 addbyId를 통해 얻음.

2021-08-31 01:37:33 | 오스 | 5062009 (x1000)를 addbyId를 통해 얻음.

2021-08-31 04:24:07 | 유니12 | 2060002 (x1000)를 addbyId를 통해 얻음.

2021-08-31 04:24:24 | 유니12 | 2330000 (x800)를 addbyId를 통해 얻음.

2021-08-31 04:24:27 | 유니12 | 2061002 (x1000)를 addbyId를 통해 얻음.

2021-08-31 04:31:56 | 포이 | 2048717 (x321)를 addbyItem을 통해 얻음.

2021-08-31 04:32:17 | 포이 | 4001832 (x9000)를 addbyItem을 통해 얻음.

2021-08-31 04:32:18 | 포이 | 4001832 (x9000)를 addbyItem을 통해 얻음.

2021-08-31 04:32:18 | 포이 | 4001832 (x2775)를 addbyItem을 통해 얻음.

2021-08-31 04:32:33 | 포이 | 5062009 (x305)를 addbyItem을 통해 얻음.

2021-08-31 04:33:55 | 포이 | 2070005 (x1000)를 addbyId를 통해 얻음.

2021-08-31 04:58:05 | 응애30 | 2070023 (x1500)를 addbyId를 통해 얻음.

2021-08-31 05:00:44 | 조커 | 4001832 (x9999)를 addbyId를 통해 얻음.

2021-08-31 05:12:32 | 유정1 | 4001832 (x9999)를 addbyId를 통해 얻음.

2021-08-31 05:12:42 | 유정1 | 4001832 (x9999)를 addbyId를 통해 얻음.

2021-08-31 05:49:46 | 호이 | 5062009 (x305)를 addbyItem을 통해 얻음.

2021-08-31 06:04:38 | 감기 | 4001832 (x9999)를 addbyId를 통해 얻음.

2021-08-31 06:53:48 | 유정1 | 4001832 (x9999)를 addbyId를 통해 얻음.

2021-08-31 06:53:49 | 유정1 | 4001832 (x9999)를 addbyId를 통해 얻음.

2021-08-31 06:53:49 | 유정1 | 4001832 (x9999)를 addbyId를 통해 얻음.

2021-08-31 06:53:49 | 유정1 | 4001832 (x9999)를 addbyId를 통해 얻음.

2021-08-31 08:23:29 | 여우 | 5062010 (x500)를 addbyId를 통해 얻음.

2021-08-31 09:17:04 | 비숑 | 4001832 (x9999)를 addbyId를 통해 얻음.

2021-08-31 10:10:38 | 하느 | 4001832 (x2775)를 addbyItem을 통해 얻음.

2021-08-31 10:10:49 | 하느 | 2048717 (x325)를 addbyItem을 통해 얻음.

2021-08-31 10:11:11 | 하느 | 4001832 (x9000)를 addbyItem을 통해 얻음.

2021-08-31 10:11:12 | 하느 | 4001832 (x9000)를 addbyItem을 통해 얻음.

2021-08-31 10:12:37 | 하느 | 2070023 (x1500)를 addbyId를 통해 얻음.

2021-08-31 10:12:38 | 하느 | 2070023 (x1500)를 addbyId를 통해 얻음.

2021-08-31 10:12:39 | 하느 | 2070023 (x1500)를 addbyId를 통해 얻음.

2021-08-31 10:12:39 | 하느 | 2070023 (x1500)를 addbyId를 통해 얻음.

2021-08-31 10:12:40 | 하느 | 2070023 (x1500)를 addbyId를 통해 얻음.

2021-08-31 10:12:40 | 하느 | 2070023 (x1500)를 addbyId를 통해 얻음.

2021-08-31 10:12:41 | 하느 | 2070023 (x1500)를 addbyId를 통해 얻음.

2021-08-31 10:12:41 | 하느 | 2070023 (x1500)를 addbyId를 통해 얻음.

2021-08-31 10:12:42 | 하느 | 2070023 (x1500)를 addbyId를 통해 얻음.

2021-08-31 10:12:42 | 하느 | 2070023 (x1500)를 addbyId를 통해 얻음.

2021-08-31 10:12:43 | 하느 | 2070023 (x1500)를 addbyId를 통해 얻음.

2021-08-31 10:12:44 | 하느 | 2070023 (x1500)를 addbyId를 통해 얻음.

2021-08-31 10:15:42 | 하느 | 5062009 (x305)를 addbyItem을 통해 얻음.

2021-08-31 10:32:03 | 조커13 | 2070004 (x1000)를 addbyId를 통해 얻음.

2021-08-31 10:32:03 | 조커13 | 2070004 (x1000)를 addbyId를 통해 얻음.

2021-08-31 10:32:04 | 조커13 | 2070004 (x1000)를 addbyId를 통해 얻음.

2021-08-31 10:32:04 | 조커13 | 2070004 (x1000)를 addbyId를 통해 얻음.

2021-08-31 10:32:05 | 조커13 | 2070004 (x1000)를 addbyId를 통해 얻음.

2021-08-31 10:32:05 | 조커13 | 2070004 (x1000)를 addbyId를 통해 얻음.

2021-08-31 10:32:05 | 조커13 | 2070004 (x1000)를 addbyId를 통해 얻음.

2021-08-31 10:59:21 | 유정1 | 5062010 (x500)를 addbyId를 통해 얻음.

2021-08-31 11:02:25 | 다크나이트 | 5062009 (x506)를 addbyItem을 통해 얻음.

2021-08-31 11:05:55 | 다크나이트 | 5062010 (x500)를 addbyId를 통해 얻음.

2021-08-31 11:05:55 | 다크나이트 | 5062010 (x500)를 addbyId를 통해 얻음.

2021-08-31 11:29:14 | 유니16 | 2060002 (x1000)를 addbyId를 통해 얻음.

2021-08-31 11:29:15 | 유니16 | 2061002 (x1000)를 addbyId를 통해 얻음.

2021-08-31 11:29:16 | 유니16 | 2060002 (x1000)를 addbyId를 통해 얻음.

2021-08-31 11:29:16 | 유니16 | 2061002 (x1000)를 addbyId를 통해 얻음.

2021-08-31 11:32:47 | 유니17 | 2060002 (x1000)를 addbyId를 통해 얻음.

2021-08-31 11:32:47 | 유니17 | 2061002 (x1000)를 addbyId를 통해 얻음.

2021-08-31 11:40:10 | 유니15 | 2060002 (x1000)를 addbyId를 통해 얻음.

2021-08-31 11:40:12 | 유니15 | 2061002 (x1000)를 addbyId를 통해 얻음.

2021-09-01 12:38:12 | 하느 | 5062010 (x500)를 addbyId를 통해 얻음.

2021-09-01 12:52:34 | 당근 | 2630437 (x500)를 addbyId를 통해 얻음.

2021-09-01 01:52:21 | 하느 | 5062010 (x500)를 addbyId를 통해 얻음.

2021-09-01 01:57:32 | 다크나이트 | 4001832 (x3089)를 addbyItem을 통해 얻음.

2021-09-01 01:57:33 | 다크나이트 | 4001832 (x9000)를 addbyItem을 통해 얻음.

2021-09-01 01:57:33 | 다크나이트 | 4001832 (x2113)를 addbyItem을 통해 얻음.

2021-09-01 01:57:34 | 다크나이트 | 4001832 (x9000)를 addbyItem을 통해 얻음.

2021-09-01 01:57:34 | 다크나이트 | 4001832 (x9000)를 addbyItem을 통해 얻음.

2021-09-01 01:57:34 | 다크나이트 | 4001832 (x9000)를 addbyItem을 통해 얻음.

2021-09-01 01:57:36 | 다크나이트 | 2435719 (x852)를 addbyItem을 통해 얻음.

2021-09-01 01:58:59 | 다크나이트 | 5062009 (x1000)를 addbyId를 통해 얻음.

2021-09-01 01:59:00 | 다크나이트 | 5062009 (x1000)를 addbyId를 통해 얻음.

2021-09-01 02:06:17 | 다크나이트 | 4001832 (x9999)를 addbyId를 통해 얻음.

2021-09-01 02:06:18 | 다크나이트 | 4001832 (x9999)를 addbyId를 통해 얻음.

2021-09-01 02:06:18 | 다크나이트 | 4001832 (x9999)를 addbyId를 통해 얻음.

2021-09-01 02:06:19 | 다크나이트 | 4001832 (x9999)를 addbyId를 통해 얻음.

2021-09-01 03:48:54 | 양산19 | 2070024 (x2000)를 addbyId를 통해 얻음.

2021-09-01 03:57:12 | 양산21 | 2060002 (x1000)를 addbyId를 통해 얻음.

2021-09-01 07:07:28 | 하느 | 5062010 (x500)를 addbyId를 통해 얻음.

2021-09-01 07:26:08 | 하느 | 5062010 (x500)를 addbyId를 통해 얻음.

2021-09-01 08:10:03 | 하느 | 5062010 (x500)를 addbyId를 통해 얻음.

2021-09-01 08:10:04 | 하느 | 5062010 (x500)를 addbyId를 통해 얻음.

2021-09-01 08:35:45 | 하느 | 5062010 (x500)를 addbyId를 통해 얻음.

2021-09-01 08:35:46 | 하느 | 5062010 (x500)를 addbyId를 통해 얻음.

2021-09-01 09:11:41 | 오스 | 5062009 (x1000)를 addbyId를 통해 얻음.

2021-09-01 10:21:23 | 리프아델 | 4001832 (x9999)를 addbyId를 통해 얻음.

2021-09-01 10:23:55 | 별 | 4310229 (x622)를 addbyItem을 통해 얻음.

2021-09-01 10:24:01 | 별 | 4021031 (x325)를 addbyItem을 통해 얻음.

2021-09-01 01:28:38 | 양산23 | 2070024 (x2000)를 addbyId를 통해 얻음.

2021-09-01 02:45:41 | 별 | 5062010 (x500)를 addbyId를 통해 얻음.

2021-09-01 02:45:42 | 별 | 5062010 (x500)를 addbyId를 통해 얻음.

2021-09-01 02:45:44 | 별 | 5062009 (x1000)를 addbyId를 통해 얻음.

2021-09-01 02:45:44 | 별 | 5062009 (x1000)를 addbyId를 통해 얻음.

2021-09-01 03:33:59 | 재획중 | 5062009 (x1000)를 addbyId를 통해 얻음.

2021-09-01 06:30:29 | 권민 | 5062009 (x1000)를 addbyItem을 통해 얻음.

2021-09-01 06:59:54 | 재획중 | 4001832 (x9999)를 addbyId를 통해 얻음.

2021-09-01 07:28:59 | 권민 | 4001832 (x9999)를 addbyId를 통해 얻음.

2021-09-01 07:29:40 | 조커 | 4001832 (x9999)를 addbyId를 통해 얻음.

2021-09-01 07:37:53 | 서아 | 2048716 (x999)를 addbyItem을 통해 얻음.

2021-09-01 07:37:54 | 서아 | 2048716 (x999)를 addbyItem을 통해 얻음.

2021-09-01 07:55:05 | 섀도어 | 4001832 (x9999)를 addbyId를 통해 얻음.

2021-09-01 07:55:06 | 섀도어 | 4001832 (x9999)를 addbyId를 통해 얻음.

2021-09-01 07:56:26 | 섀도어 | 4001832 (x9999)를 addbyId를 통해 얻음.

2021-09-01 07:56:27 | 섀도어 | 4001832 (x9999)를 addbyId를 통해 얻음.

2021-09-01 08:16:49 | 권민 | 5062010 (x500)를 addbyId를 통해 얻음.

2021-09-01 08:23:47 | 조커 | 4001832 (x9999)를 addbyId를 통해 얻음.

2021-09-01 08:23:47 | 조커 | 4001832 (x9999)를 addbyId를 통해 얻음.

2021-09-01 08:24:46 | 조커 | 4001832 (x9999)를 addbyId를 통해 얻음.

2021-09-01 08:24:46 | 조커 | 4001832 (x9999)를 addbyId를 통해 얻음.

2021-09-01 08:26:04 | 조커 | 4001832 (x9999)를 addbyId를 통해 얻음.

2021-09-01 08:26:19 | 조커 | 4001832 (x9999)를 addbyId를 통해 얻음.

2021-09-01 08:48:34 | 하운 | 4001832 (x9999)를 addbyId를 통해 얻음.

2021-09-01 09:54:23 | 오스 | 5062009 (x1000)를 addbyId를 통해 얻음.

2021-09-01 10:11:09 | 재획중 | 5062009 (x1000)를 addbyId를 통해 얻음.

2021-09-01 10:28:20 | 여우 | 5062010 (x500)를 addbyId를 통해 얻음.

2021-09-01 10:35:03 | 카오스 | 2435719 (x746)를 addbyItem을 통해 얻음.

2021-09-01 10:35:10 | 카오스 | 4310041 (x345)를 addbyItem을 통해 얻음.

2021-09-01 10:46:10 | 다크나이트 | 4021031 (x456)를 addbyItem을 통해 얻음.

2021-09-01 10:47:41 | 다크나이트 | 5062009 (x591)를 addbyItem을 통해 얻음.

2021-09-01 11:39:40 | 다크나이트 | 4001832 (x9999)를 addbyId를 통해 얻음.

2021-09-01 11:40:02 | 다크나이트 | 4001832 (x9999)를 addbyId를 통해 얻음.

2021-09-01 11:40:02 | 다크나이트 | 4001832 (x9999)를 addbyId를 통해 얻음.

2021-09-01 11:40:02 | 다크나이트 | 4001832 (x9999)를 addbyId를 통해 얻음.

2021-09-01 11:40:19 | 다크나이트 | 4001832 (x9999)를 addbyId를 통해 얻음.

2021-09-01 11:40:19 | 다크나이트 | 4001832 (x9999)를 addbyId를 통해 얻음.

2021-09-01 11:40:20 | 다크나이트 | 4001832 (x9999)를 addbyId를 통해 얻음.

2021-09-01 11:40:20 | 다크나이트 | 4001832 (x9999)를 addbyId를 통해 얻음.

2021-09-01 11:40:20 | 다크나이트 | 4001832 (x9999)를 addbyId를 통해 얻음.

2021-09-01 11:53:53 | 유정 | 2048716 (x947)를 addbyItem을 통해 얻음.

2021-09-02 12:03:43 | 유정1 | 5062009 (x1000)를 addbyId를 통해 얻음.

2021-09-02 12:03:44 | 유정1 | 5062009 (x1000)를 addbyId를 통해 얻음.

2021-09-02 12:03:44 | 유정1 | 5062009 (x1000)를 addbyId를 통해 얻음.

2021-09-02 12:03:45 | 유정1 | 5062009 (x1000)를 addbyId를 통해 얻음.

2021-09-02 12:06:07 | 호이 | 5062010 (x500)를 addbyItem을 통해 얻음.

2021-09-02 12:12:01 | OwO | 5062010 (x500)를 addbyId를 통해 얻음.

2021-09-02 12:12:10 | 유정1 | 5062010 (x500)를 addbyId를 통해 얻음.

2021-09-02 12:23:01 | 유정1 | 5062010 (x500)를 addbyId를 통해 얻음.

2021-09-02 12:51:12 | 호이 | 5062010 (x500)를 addbyId를 통해 얻음.

2021-09-02 12:51:13 | 호이 | 5062010 (x500)를 addbyId를 통해 얻음.

2021-09-02 12:51:15 | 호이 | 5062010 (x500)를 addbyId를 통해 얻음.

2021-09-02 01:00:53 | 게이 | 2070024 (x2000)를 addbyId를 통해 얻음.

2021-09-02 01:00:54 | 게이 | 2070024 (x2000)를 addbyId를 통해 얻음.

2021-09-02 01:00:54 | 게이 | 2070024 (x2000)를 addbyId를 통해 얻음.

2021-09-02 01:49:16 | 별 | 4021031 (x470)를 addbyItem을 통해 얻음.

2021-09-02 01:54:45 | 슈즈 | 2048717 (x394)를 addbyItem을 통해 얻음.

2021-09-02 03:27:09 | 재획중 | 2049153 (x300)를 addbyId를 통해 얻음.

2021-09-02 08:45:58 | 카오스 | 2435719 (x1109)를 addbyItem을 통해 얻음.

2021-09-02 08:49:33 | 라자크 | 4001832 (x9999)를 addbyId를 통해 얻음.

2021-09-02 09:08:26 | 오스 | 5062009 (x341)를 addbyItem을 통해 얻음.

2021-09-02 09:46:33 | 오스 | 5062009 (x1000)를 addbyId를 통해 얻음.

2021-09-02 09:59:08 | 카오스 | 5062009 (x1000)를 addbyItem을 통해 얻음.

2021-09-02 11:32:40 | 카오스 | 4001878 (x300)를 addbyItem을 통해 얻음.

2021-09-02 11:32:41 | 카오스 | 4001889 (x300)를 addbyItem을 통해 얻음.

2021-09-02 11:32:41 | 카오스 | 4021031 (x784)를 addbyItem을 통해 얻음.

2021-09-02 11:32:42 | 카오스 | 4001889 (x300)를 addbyItem을 통해 얻음.

2021-09-02 11:32:43 | 카오스 | 4001878 (x300)를 addbyItem을 통해 얻음.

2021-09-02 11:32:43 | 카오스 | 4001889 (x300)를 addbyItem을 통해 얻음.

2021-09-02 11:32:43 | 카오스 | 4001878 (x300)를 addbyItem을 통해 얻음.

2021-09-02 11:32:44 | 카오스 | 4001889 (x300)를 addbyItem을 통해 얻음.

2021-09-02 11:32:51 | 카오스 | 2048716 (x999)를 addbyItem을 통해 얻음.

2021-09-02 11:32:52 | 카오스 | 2048716 (x999)를 addbyItem을 통해 얻음.

2021-09-02 11:32:52 | 카오스 | 2048716 (x999)를 addbyItem을 통해 얻음.

2021-09-02 12:37:39 | 카오스 | 5062010 (x500)를 addbyId를 통해 얻음.

2021-09-02 02:03:29 | 농부 | 5062010 (x500)를 addbyId를 통해 얻음.

2021-09-02 02:03:30 | 농부 | 5062010 (x500)를 addbyId를 통해 얻음.

2021-09-02 02:03:30 | 농부 | 5062010 (x500)를 addbyId를 통해 얻음.

2021-09-02 02:03:31 | 농부 | 5062010 (x500)를 addbyId를 통해 얻음.

2021-09-02 02:03:32 | 농부 | 5062009 (x1000)를 addbyId를 통해 얻음.

2021-09-02 02:03:33 | 농부 | 5062009 (x1000)를 addbyId를 통해 얻음.

2021-09-02 03:56:31 | 리프아델 | 5062009 (x1000)를 addbyId를 통해 얻음.

2021-09-02 03:57:36 | 카오스 | 4001832 (x9999)를 addbyId를 통해 얻음.

2021-09-02 03:57:36 | 카오스 | 4001832 (x9999)를 addbyId를 통해 얻음.

2021-09-02 03:57:37 | 카오스 | 4001832 (x9999)를 addbyId를 통해 얻음.

2021-09-02 03:57:38 | 카오스 | 4001832 (x9999)를 addbyId를 통해 얻음.

2021-09-02 03:57:38 | 카오스 | 4001832 (x9999)를 addbyId를 통해 얻음.

2021-09-02 03:57:39 | 카오스 | 4001832 (x9999)를 addbyId를 통해 얻음.

2021-09-02 05:00:59 | 다크나이트 | 4001832 (x9999)를 addbyId를 통해 얻음.

2021-09-02 05:00:59 | 다크나이트 | 4001832 (x9999)를 addbyId를 통해 얻음.

2021-09-02 05:00:59 | 다크나이트 | 4001832 (x9999)를 addbyId를 통해 얻음.

2021-09-02 05:00:59 | 다크나이트 | 4001832 (x9999)를 addbyId를 통해 얻음.

2021-09-02 05:01:00 | 다크나이트 | 4001832 (x9999)를 addbyId를 통해 얻음.

2021-09-02 05:01:00 | 다크나이트 | 4001832 (x9999)를 addbyId를 통해 얻음.

2021-09-02 05:01:00 | 다크나이트 | 4001832 (x9999)를 addbyId를 통해 얻음.

2021-09-02 05:01:24 | 다크나이트 | 4001832 (x9999)를 addbyId를 통해 얻음.

2021-09-02 05:01:24 | 다크나이트 | 4001832 (x9999)를 addbyId를 통해 얻음.

2021-09-02 05:01:24 | 다크나이트 | 4001832 (x9999)를 addbyId를 통해 얻음.

2021-09-02 05:01:25 | 다크나이트 | 4001832 (x9999)를 addbyId를 통해 얻음.

2021-09-02 05:01:25 | 다크나이트 | 4001832 (x9999)를 addbyId를 통해 얻음.

2021-09-02 05:01:25 | 다크나이트 | 4001832 (x9999)를 addbyId를 통해 얻음.

2021-09-02 05:01:25 | 다크나이트 | 4001832 (x9999)를 addbyId를 통해 얻음.

2021-09-02 05:01:25 | 다크나이트 | 4001832 (x9999)를 addbyId를 통해 얻음.

2021-09-02 05:01:25 | 다크나이트 | 4001832 (x9999)를 addbyId를 통해 얻음.

2021-09-02 05:01:59 | 다크나이트 | 4001832 (x9999)를 addbyId를 통해 얻음.

2021-09-02 05:01:59 | 다크나이트 | 4001832 (x9999)를 addbyId를 통해 얻음.

2021-09-02 05:01:59 | 다크나이트 | 4001832 (x9999)를 addbyId를 통해 얻음.

2021-09-02 05:01:59 | 다크나이트 | 4001832 (x9999)를 addbyId를 통해 얻음.

2021-09-02 05:02:00 | 다크나이트 | 4001832 (x9999)를 addbyId를 통해 얻음.

2021-09-02 05:02:00 | 다크나이트 | 4001832 (x9999)를 addbyId를 통해 얻음.

2021-09-02 05:02:00 | 다크나이트 | 4001832 (x9999)를 addbyId를 통해 얻음.

2021-09-02 05:20:13 | 다크나이트 | 2049153 (x500)를 addbyId를 통해 얻음.

2021-09-02 05:28:17 | 다크나이트 | 4001832 (x9999)를 addbyId를 통해 얻음.

2021-09-02 05:28:17 | 다크나이트 | 4001832 (x9999)를 addbyId를 통해 얻음.

2021-09-02 05:28:17 | 다크나이트 | 4001832 (x9999)를 addbyId를 통해 얻음.

2021-09-02 05:28:17 | 다크나이트 | 4001832 (x9999)를 addbyId를 통해 얻음.

2021-09-02 05:51:37 | 다크나이트 | 4001832 (x9999)를 addbyId를 통해 얻음.

2021-09-02 05:51:37 | 다크나이트 | 4001832 (x9999)를 addbyId를 통해 얻음.

2021-09-02 05:51:38 | 다크나이트 | 4001832 (x9999)를 addbyId를 통해 얻음.

2021-09-02 05:51:38 | 다크나이트 | 4001832 (x9999)를 addbyId를 통해 얻음.

2021-09-02 05:51:38 | 다크나이트 | 4001832 (x9999)를 addbyId를 통해 얻음.

2021-09-02 05:51:38 | 다크나이트 | 4001832 (x9999)를 addbyId를 통해 얻음.

2021-09-02 06:09:37 | 다크나이트 | 4001832 (x9999)를 addbyId를 통해 얻음.

2021-09-02 06:09:37 | 다크나이트 | 4001832 (x9999)를 addbyId를 통해 얻음.

2021-09-02 06:09:38 | 다크나이트 | 4001832 (x9999)를 addbyId를 통해 얻음.

2021-09-02 06:09:38 | 다크나이트 | 4001832 (x9999)를 addbyId를 통해 얻음.

2021-09-02 08:16:03 | 섀도어 | 4001832 (x9999)를 addbyId를 통해 얻음.

2021-09-02 09:26:03 | 슈즈 | 2048717 (x999)를 addbyItem을 통해 얻음.

2021-09-02 10:11:19 | 브로콜리 | 2435719 (x364)를 addbyItem을 통해 얻음.

2021-09-02 10:11:19 | 브로콜리 | 2048716 (x999)를 addbyItem을 통해 얻음.

2021-09-02 10:11:19 | 브로콜리 | 4001832 (x9000)를 addbyItem을 통해 얻음.

2021-09-02 10:11:19 | 브로콜리 | 4001832 (x9000)를 addbyItem을 통해 얻음.

2021-09-02 11:08:05 | 재획중 | 5062009 (x591)를 addbyItem을 통해 얻음.

2021-09-02 11:08:06 | 유정1 | 5062009 (x1000)를 addbyId를 통해 얻음.

2021-09-02 11:08:06 | 재획중 | 5062009 (x527)를 addbyItem을 통해 얻음.

2021-09-02 11:08:06 | 유정1 | 5062009 (x1000)를 addbyId를 통해 얻음.

2021-09-02 11:08:07 | 유정1 | 5062010 (x500)를 addbyId를 통해 얻음.

2021-09-02 11:56:17 | OwO | 5062010 (x500)를 addbyId를 통해 얻음.

2021-09-02 11:56:34 | 로나 | 5062010 (x340)를 addbyId를 통해 얻음.

2021-09-03 12:02:43 | 농부 | 5062010 (x500)를 addbyId를 통해 얻음.

2021-09-03 12:02:43 | 농부 | 5062010 (x500)를 addbyId를 통해 얻음.

2021-09-03 12:02:44 | 농부 | 5062010 (x500)를 addbyId를 통해 얻음.

2021-09-03 12:02:44 | 농부 | 5062010 (x500)를 addbyId를 통해 얻음.

2021-09-03 12:02:58 | 차차 | 4001832 (x9999)를 addbyId를 통해 얻음.

2021-09-03 12:02:59 | 차차 | 4001832 (x9999)를 addbyId를 통해 얻음.

2021-09-03 12:03:00 | 차차 | 4001832 (x9999)를 addbyId를 통해 얻음.

2021-09-03 12:03:58 | 차차 | 4001832 (x9999)를 addbyId를 통해 얻음.

2021-09-03 12:03:58 | 차차 | 4001832 (x9999)를 addbyId를 통해 얻음.

2021-09-03 12:03:59 | 차차 | 4001832 (x9999)를 addbyId를 통해 얻음.

2021-09-03 12:03:59 | 차차 | 4001832 (x9999)를 addbyId를 통해 얻음.

2021-09-03 12:04:00 | 차차 | 4001832 (x9999)를 addbyId를 통해 얻음.

2021-09-03 12:04:00 | 차차 | 4001832 (x9999)를 addbyId를 통해 얻음.

2021-09-03 12:04:01 | 차차 | 4001832 (x9999)를 addbyId를 통해 얻음.

2021-09-03 12:04:01 | 차차 | 4001832 (x9999)를 addbyId를 통해 얻음.

2021-09-03 12:04:02 | 차차 | 4001832 (x9999)를 addbyId를 통해 얻음.

2021-09-03 12:04:03 | 차차 | 4001832 (x9999)를 addbyId를 통해 얻음.

2021-09-03 12:12:55 | 호이 | 5062010 (x500)를 addbyId를 통해 얻음.

2021-09-03 12:12:56 | 호이 | 5062010 (x500)를 addbyId를 통해 얻음.

2021-09-03 12:29:51 | 재획중 | 5062010 (x500)를 addbyId를 통해 얻음.

2021-09-03 12:29:51 | 재획중 | 5062010 (x500)를 addbyId를 통해 얻음.

2021-09-03 12:45:15 | 호이 | 5062009 (x1000)를 addbyId를 통해 얻음.

2021-09-03 01:07:40 | 농부 | 5062010 (x310)를 addbyId를 통해 얻음.

2021-09-03 02:01:43 | 재획중 | 5062010 (x500)를 addbyId를 통해 얻음.

2021-09-03 09:23:15 | 농부 | 5062010 (x500)를 addbyId를 통해 얻음.

2021-09-03 09:23:15 | 농부 | 5062010 (x500)를 addbyId를 통해 얻음.

2021-09-03 10:33:18 | 잎새 | 4001832 (x9999)를 addbyId를 통해 얻음.

2021-09-03 10:33:19 | 잎새 | 4001832 (x9999)를 addbyId를 통해 얻음.

2021-09-03 10:33:19 | 잎새 | 4001832 (x9999)를 addbyId를 통해 얻음.

2021-09-03 10:33:19 | 잎새 | 4001832 (x9999)를 addbyId를 통해 얻음.

2021-09-03 10:33:20 | 잎새 | 4001832 (x9999)를 addbyId를 통해 얻음.

2021-09-03 10:51:46 | 농부 | 2435719 (x387)를 addbyItem을 통해 얻음.

2021-09-03 10:54:17 | 별 | 4310041 (x423)를 addbyItem을 통해 얻음.

2021-09-03 10:54:50 | 별 | 2048717 (x999)를 addbyItem을 통해 얻음.

2021-09-03 03:39:29 | OwO | 4001832 (x9999)를 addbyId를 통해 얻음.

2021-09-03 03:39:29 | OwO | 4001832 (x9999)를 addbyId를 통해 얻음.

2021-09-03 03:39:30 | OwO | 4001832 (x9999)를 addbyId를 통해 얻음.

2021-09-03 05:05:06 | 카오스 | 4021031 (x300)를 addbyItem을 통해 얻음.

2021-09-03 07:01:52 | 여우 | 2048716 (x921)를 addbyItem을 통해 얻음.

2021-09-03 07:01:52 | 여우 | 2048716 (x999)를 addbyItem을 통해 얻음.

2021-09-03 07:01:54 | 여우 | 2048716 (x999)를 addbyItem을 통해 얻음.

2021-09-03 07:01:55 | 여우 | 2048716 (x999)를 addbyItem을 통해 얻음.

2021-09-03 07:12:52 | 장금이 | 2070005 (x1000)를 addbyId를 통해 얻음.

2021-09-03 07:40:29 | 장금이 | 2070026 (x2000)를 addbyId를 통해 얻음.

2021-09-03 07:40:30 | 장금이 | 2070026 (x2000)를 addbyId를 통해 얻음.

2021-09-03 08:06:30 | 장금이 | 4001832 (x9999)를 addbyId를 통해 얻음.

2021-09-03 08:22:59 | 여우 | 4001832 (x9999)를 addbyId를 통해 얻음.

2021-09-03 08:23:00 | 여우 | 4001832 (x9999)를 addbyId를 통해 얻음.

2021-09-03 08:24:41 | 카오스 | 4001832 (x9999)를 addbyId를 통해 얻음.

2021-09-03 08:24:41 | 카오스 | 4001832 (x9999)를 addbyId를 통해 얻음.

2021-09-03 08:24:41 | 카오스 | 4001832 (x9999)를 addbyId를 통해 얻음.

2021-09-03 08:24:41 | 카오스 | 4001832 (x9999)를 addbyId를 통해 얻음.

2021-09-03 08:24:42 | 카오스 | 4001832 (x9999)를 addbyId를 통해 얻음.

2021-09-03 08:24:42 | 카오스 | 4001832 (x9999)를 addbyId를 통해 얻음.

2021-09-03 08:24:42 | 카오스 | 4001832 (x9999)를 addbyId를 통해 얻음.

2021-09-03 08:24:42 | 카오스 | 4001832 (x9999)를 addbyId를 통해 얻음.

2021-09-03 08:24:43 | 카오스 | 4001832 (x9999)를 addbyId를 통해 얻음.

2021-09-03 08:24:43 | 카오스 | 4001832 (x9999)를 addbyId를 통해 얻음.

2021-09-03 08:24:43 | 카오스 | 4001832 (x9999)를 addbyId를 통해 얻음.

2021-09-03 08:24:43 | 카오스 | 4001832 (x9999)를 addbyId를 통해 얻음.

2021-09-03 08:24:44 | 카오스 | 4001832 (x9999)를 addbyId를 통해 얻음.

2021-09-03 09:13:02 | 리프아델 | 4001832 (x9999)를 addbyId를 통해 얻음.

2021-09-03 09:27:31 | 조커 | 4001832 (x9999)를 addbyId를 통해 얻음.

2021-09-03 09:28:25 | 조커 | 4001832 (x9999)를 addbyId를 통해 얻음.

2021-09-03 09:28:25 | 조커 | 4001832 (x9999)를 addbyId를 통해 얻음.

2021-09-03 09:29:11 | 조커 | 4001832 (x9999)를 addbyId를 통해 얻음.

2021-09-03 09:29:12 | 조커 | 4001832 (x9999)를 addbyId를 통해 얻음.

2021-09-03 09:29:49 | 조커 | 4001832 (x9999)를 addbyId를 통해 얻음.

2021-09-03 09:30:07 | 조커 | 4001832 (x9999)를 addbyId를 통해 얻음.

2021-09-03 09:30:07 | 조커 | 4001832 (x9999)를 addbyId를 통해 얻음.

2021-09-03 09:30:29 | 조커 | 4001832 (x9999)를 addbyId를 통해 얻음.

2021-09-03 09:30:30 | 조커 | 4001832 (x9999)를 addbyId를 통해 얻음.

2021-09-03 10:37:27 | 호이 | 5062010 (x500)를 addbyId를 통해 얻음.

2021-09-03 10:37:27 | 호이 | 5062010 (x500)를 addbyId를 통해 얻음.

2021-09-03 10:37:28 | 호이 | 5062010 (x500)를 addbyId를 통해 얻음.

2021-09-03 10:37:30 | 호이 | 5062010 (x500)를 addbyId를 통해 얻음.

2021-09-03 10:50:59 | 파도 | 2435719 (x1908)를 addbyItem을 통해 얻음.

2021-09-03 10:59:29 | 재획중 | 5062010 (x500)를 addbyId를 통해 얻음.

2021-09-03 11:10:15 | 유니20 | 2070011 (x800)를 addbyId를 통해 얻음.

2021-09-03 11:10:16 | 유니20 | 2070011 (x800)를 addbyId를 통해 얻음.

2021-09-03 11:10:17 | 유니20 | 2070011 (x800)를 addbyId를 통해 얻음.

2021-09-03 11:43:07 | 호이 | 5062010 (x300)를 addbyId를 통해 얻음.

2021-09-03 11:52:33 | 호이 | 5062009 (x1000)를 addbyId를 통해 얻음.

2021-09-03 11:52:34 | 호이 | 5062009 (x1000)를 addbyId를 통해 얻음.

2021-09-04 12:52:15 | 꿀벌 | 5062500 (x340)를 addbyId를 통해 얻음.

2021-09-04 01:35:32 | 태도 | 2435719 (x450)를 addbyItem을 통해 얻음.

2021-09-04 01:35:32 | 태도 | 2435719 (x1051)를 addbyItem을 통해 얻음.

2021-09-04 01:37:37 | 당근 | 4001832 (x9999)를 addbyId를 통해 얻음.

2021-09-04 01:37:37 | 당근 | 4001832 (x9999)를 addbyId를 통해 얻음.

2021-09-04 01:56:47 | 유정26 | 2060002 (x1000)를 addbyId를 통해 얻음.

2021-09-04 03:01:28 | 권민 | 4001832 (x9999)를 addbyId를 통해 얻음.

2021-09-04 03:01:29 | 권민 | 4001832 (x9999)를 addbyId를 통해 얻음.

2021-09-04 03:01:29 | 권민 | 4001832 (x9999)를 addbyId를 통해 얻음.

2021-09-04 03:01:29 | 권민 | 4001832 (x9999)를 addbyId를 통해 얻음.

2021-09-04 03:01:29 | 권민 | 4001832 (x9999)를 addbyId를 통해 얻음.

2021-09-04 03:01:29 | 권민 | 4001832 (x9999)를 addbyId를 통해 얻음.

2021-09-04 03:01:30 | 권민 | 4001832 (x9999)를 addbyId를 통해 얻음.

2021-09-04 04:57:56 | 당근 | 5062009 (x1000)를 addbyId를 통해 얻음.

2021-09-04 05:07:35 | 당근 | 5062010 (x500)를 addbyId를 통해 얻음.

2021-09-04 08:39:41 | 아이유 | 5062009 (x1000)를 addbyId를 통해 얻음.

2021-09-04 09:16:42 | 아이유 | 5062010 (x500)를 addbyId를 통해 얻음.

2021-09-04 11:05:13 | 헬퍼 | 4001832 (x9999)를 addbyId를 통해 얻음.

2021-09-04 01:48:29 | 서아 | 2435719 (x971)를 addbyItem을 통해 얻음.

2021-09-04 02:07:48 | 호이 | 5062009 (x1000)를 addbyId를 통해 얻음.

2021-09-04 02:07:49 | 호이 | 5062009 (x1000)를 addbyId를 통해 얻음.

2021-09-04 05:18:55 | 호이 | 5062009 (x1000)를 addbyId를 통해 얻음.

2021-09-04 05:18:55 | 호이 | 5062009 (x1000)를 addbyId를 통해 얻음.

2021-09-04 07:07:02 | 호이 | 5062010 (x500)를 addbyId를 통해 얻음.

2021-09-04 07:07:03 | 호이 | 5062010 (x500)를 addbyId를 통해 얻음.

2021-09-04 07:07:04 | 호이 | 5062010 (x500)를 addbyId를 통해 얻음.

2021-09-04 07:07:04 | 호이 | 5062010 (x500)를 addbyId를 통해 얻음.

2021-09-04 07:07:05 | 호이 | 5062010 (x500)를 addbyId를 통해 얻음.

2021-09-04 07:07:06 | 호이 | 5062010 (x500)를 addbyId를 통해 얻음.

2021-09-04 07:34:08 | 여우 | 2048716 (x999)를 addbyItem을 통해 얻음.

2021-09-04 08:37:19 | 미킨 | 2070024 (x2000)를 addbyId를 통해 얻음.

2021-09-04 08:50:09 | 슈즈 | 4001832 (x9999)를 addbyId를 통해 얻음.

2021-09-04 08:50:09 | 슈즈 | 4001832 (x9999)를 addbyId를 통해 얻음.

2021-09-04 08:50:12 | 슈즈 | 4001832 (x9999)를 addbyId를 통해 얻음.

2021-09-04 08:50:12 | 슈즈 | 4001832 (x9999)를 addbyId를 통해 얻음.

2021-09-04 08:57:25 | 흰둥 | 4001832 (x9999)를 addbyId를 통해 얻음.

2021-09-04 11:42:08 | 장금이 | 4001832 (x9999)를 addbyId를 통해 얻음.

2021-09-04 11:42:12 | 장금이 | 4001832 (x9999)를 addbyId를 통해 얻음.

2021-09-05 12:38:47 | 호이 | 5062009 (x1000)를 addbyId를 통해 얻음.

2021-09-05 12:38:48 | 호이 | 5062009 (x1000)를 addbyId를 통해 얻음.

2021-09-05 02:01:27 | 암흑 | 2435719 (x1972)를 addbyItem을 통해 얻음.

2021-09-05 03:48:43 | 리얼 | 4001832 (x9999)를 addbyId를 통해 얻음.

2021-09-05 10:37:24 | 서아 | 2435719 (x1146)를 addbyItem을 통해 얻음.

2021-09-05 12:46:51 | 유정1 | 5062010 (x500)를 addbyId를 통해 얻음.

2021-09-05 12:46:52 | 유정1 | 5062010 (x500)를 addbyId를 통해 얻음.

2021-09-05 12:50:15 | 여우 | 5062010 (x500)를 addbyId를 통해 얻음.

2021-09-05 12:53:44 | 리프나워 | 2070026 (x2000)를 addbyId를 통해 얻음.

2021-09-05 12:56:58 | 여우 | 5062010 (x500)를 addbyId를 통해 얻음.

2021-09-05 01:08:56 | 레아스 | 5062010 (x500)를 addbyId를 통해 얻음.

2021-09-05 02:04:36 | 여우 | 5062010 (x500)를 addbyId를 통해 얻음.

2021-09-05 02:12:27 | 여우 | 5062010 (x500)를 addbyId를 통해 얻음.

2021-09-05 02:23:17 | 여우 | 5062010 (x500)를 addbyId를 통해 얻음.

2021-09-05 03:00:54 | 섀도어 | 4001832 (x9999)를 addbyId를 통해 얻음.

2021-09-05 03:00:54 | 섀도어 | 4001832 (x9999)를 addbyId를 통해 얻음.

2021-09-05 03:00:55 | 섀도어 | 4001832 (x9999)를 addbyId를 통해 얻음.

2021-09-05 03:09:17 | 섀도어 | 4001832 (x9999)를 addbyId를 통해 얻음.

2021-09-05 03:09:18 | 섀도어 | 4001832 (x9999)를 addbyId를 통해 얻음.

2021-09-05 03:09:18 | 섀도어 | 4001832 (x9999)를 addbyId를 통해 얻음.

2021-09-05 03:09:19 | 섀도어 | 4001832 (x9999)를 addbyId를 통해 얻음.

2021-09-05 03:09:19 | 섀도어 | 4001832 (x9999)를 addbyId를 통해 얻음.

2021-09-05 03:09:42 | 섀도어 | 4001832 (x9999)를 addbyId를 통해 얻음.

2021-09-05 03:09:42 | 섀도어 | 4001832 (x9999)를 addbyId를 통해 얻음.

2021-09-05 03:09:42 | 섀도어 | 4001832 (x9999)를 addbyId를 통해 얻음.

2021-09-05 03:09:43 | 섀도어 | 4001832 (x9999)를 addbyId를 통해 얻음.

2021-09-05 03:09:43 | 섀도어 | 4001832 (x9999)를 addbyId를 통해 얻음.

2021-09-05 03:10:06 | 섀도어 | 4001832 (x9999)를 addbyId를 통해 얻음.

2021-09-05 03:10:06 | 섀도어 | 4001832 (x9999)를 addbyId를 통해 얻음.

2021-09-05 03:10:07 | 섀도어 | 4001832 (x9999)를 addbyId를 통해 얻음.

2021-09-05 03:10:07 | 섀도어 | 4001832 (x9999)를 addbyId를 통해 얻음.

2021-09-05 03:10:08 | 섀도어 | 4001832 (x9999)를 addbyId를 통해 얻음.

2021-09-05 06:44:49 | 힐링 | 2070024 (x2000)를 addbyId를 통해 얻음.

2021-09-05 06:44:49 | 힐링 | 2070024 (x2000)를 addbyId를 통해 얻음.

2021-09-05 06:44:49 | 힐링 | 2070024 (x2000)를 addbyId를 통해 얻음.

2021-09-05 06:44:50 | 힐링 | 2070024 (x2000)를 addbyId를 통해 얻음.

2021-09-05 06:44:50 | 힐링 | 2070024 (x2000)를 addbyId를 통해 얻음.

2021-09-05 06:44:50 | 힐링 | 2070024 (x2000)를 addbyId를 통해 얻음.

2021-09-05 06:44:52 | 힐링 | 2070024 (x2000)를 addbyId를 통해 얻음.

2021-09-05 08:21:58 | 리셋03 | 2070026 (x2000)를 addbyId를 통해 얻음.

2021-09-05 08:21:58 | 리셋03 | 2070026 (x2000)를 addbyId를 통해 얻음.

2021-09-05 08:21:59 | 리셋03 | 2070026 (x2000)를 addbyId를 통해 얻음.

2021-09-05 08:22:00 | 리셋03 | 2070026 (x2000)를 addbyId를 통해 얻음.

2021-09-05 08:22:00 | 리셋03 | 2070026 (x2000)를 addbyId를 통해 얻음.

2021-09-05 09:11:22 | 꿀벌 | 4001832 (x9999)를 addbyId를 통해 얻음.

2021-09-05 09:11:23 | 꿀벌 | 4001832 (x9999)를 addbyId를 통해 얻음.

2021-09-05 09:11:23 | 꿀벌 | 4001832 (x9999)를 addbyId를 통해 얻음.

2021-09-05 09:11:25 | 꿀벌 | 4001832 (x9999)를 addbyId를 통해 얻음.

2021-09-05 09:11:25 | 꿀벌 | 4001832 (x9999)를 addbyId를 통해 얻음.

2021-09-05 09:11:26 | 꿀벌 | 4001832 (x9999)를 addbyId를 통해 얻음.

2021-09-05 09:11:27 | 꿀벌 | 4001832 (x9999)를 addbyId를 통해 얻음.

2021-09-05 09:22:28 | 꿀벌 | 4001832 (x9999)를 addbyId를 통해 얻음.

2021-09-05 09:22:28 | 꿀벌 | 4001832 (x9999)를 addbyId를 통해 얻음.

2021-09-05 09:22:29 | 꿀벌 | 4001832 (x9999)를 addbyId를 통해 얻음.

2021-09-05 09:22:29 | 꿀벌 | 4001832 (x9999)를 addbyId를 통해 얻음.

2021-09-05 09:22:29 | 꿀벌 | 4001832 (x9999)를 addbyId를 통해 얻음.

2021-09-05 09:22:30 | 꿀벌 | 4001832 (x9999)를 addbyId를 통해 얻음.

2021-09-05 09:23:10 | 꿀벌 | 4001832 (x9999)를 addbyId를 통해 얻음.

2021-09-05 09:23:10 | 꿀벌 | 4001832 (x9999)를 addbyId를 통해 얻음.

2021-09-05 09:23:11 | 꿀벌 | 4001832 (x9999)를 addbyId를 통해 얻음.

2021-09-05 09:23:11 | 꿀벌 | 4001832 (x9999)를 addbyId를 통해 얻음.

2021-09-05 09:23:11 | 꿀벌 | 4001832 (x9999)를 addbyId를 통해 얻음.

2021-09-05 10:07:58 | 꿀벌 | 5062009 (x1000)를 addbyId를 통해 얻음.

2021-09-05 10:18:02 | 꿀벌 | 5062009 (x1000)를 addbyId를 통해 얻음.

2021-09-05 10:18:26 | 당근 | 5062009 (x1000)를 addbyId를 통해 얻음.

2021-09-05 10:28:53 | 꿀벌 | 5062009 (x1000)를 addbyId를 통해 얻음.

2021-09-05 10:39:48 | 꿀벌 | 5062009 (x1000)를 addbyId를 통해 얻음.

2021-09-05 10:39:48 | 꿀벌 | 5062009 (x1000)를 addbyId를 통해 얻음.

2021-09-05 10:57:35 | 꿀벌 | 5062010 (x500)를 addbyId를 통해 얻음.

2021-09-06 12:28:08 | 응애 | 5062009 (x1000)를 addbyId를 통해 얻음.

2021-09-06 12:57:39 | 태도 | 5062009 (x1000)를 addbyId를 통해 얻음.

2021-09-06 01:07:45 | 태도 | 5062010 (x500)를 addbyId를 통해 얻음.

2021-09-06 09:21:16 | 링크용 | 4001832 (x9999)를 addbyId를 통해 얻음.

2021-09-06 09:21:27 | 링크용 | 4001832 (x9999)를 addbyId를 통해 얻음.

2021-09-06 10:28:41 | 파도 | 5062009 (x1000)를 addbyId를 통해 얻음.

2021-09-06 10:29:04 | 별 | 4001878 (x300)를 addbyItem을 통해 얻음.

2021-09-06 10:29:04 | 별 | 4001878 (x300)를 addbyItem을 통해 얻음.

2021-09-06 10:29:05 | 별 | 4001878 (x300)를 addbyItem을 통해 얻음.

2021-09-06 10:29:05 | 별 | 4001889 (x300)를 addbyItem을 통해 얻음.

2021-09-06 10:29:06 | 별 | 4001889 (x300)를 addbyItem을 통해 얻음.

2021-09-06 10:29:06 | 별 | 4001889 (x300)를 addbyItem을 통해 얻음.

2021-09-06 10:29:08 | 별 | 4021031 (x717)를 addbyItem을 통해 얻음.

2021-09-06 10:29:14 | 별 | 4310229 (x449)를 addbyItem을 통해 얻음.

2021-09-06 10:38:33 | 파도 | 5062009 (x1000)를 addbyItem을 통해 얻음.

2021-09-06 11:18:43 | 링크용 | 2001556 (x888)를 addbyId를 통해 얻음.

2021-09-06 11:52:34 | 백구 | 5062010 (x500)를 addbyId를 통해 얻음.

2021-09-06 11:52:34 | 백구 | 5062010 (x500)를 addbyId를 통해 얻음.

2021-09-06 11:52:35 | 백구 | 5062010 (x500)를 addbyId를 통해 얻음.

2021-09-06 11:52:36 | 백구 | 5062010 (x500)를 addbyId를 통해 얻음.

2021-09-06 11:52:42 | 백구 | 5062009 (x1000)를 addbyId를 통해 얻음.

2021-09-06 11:52:44 | 백구 | 5062009 (x1000)를 addbyId를 통해 얻음.

2021-09-06 03:50:28 | 쌍검 | 4001832 (x9999)를 addbyId를 통해 얻음.

2021-09-06 03:50:28 | 쌍검 | 4001832 (x9999)를 addbyId를 통해 얻음.

2021-09-06 03:50:29 | 쌍검 | 4001832 (x9999)를 addbyId를 통해 얻음.

2021-09-06 03:50:29 | 쌍검 | 4001832 (x9999)를 addbyId를 통해 얻음.

2021-09-06 04:14:41 | 카오스 | 5062009 (x1000)를 addbyId를 통해 얻음.

2021-09-06 06:00:15 | 파도 | 5062010 (x500)를 addbyId를 통해 얻음.

2021-09-06 07:41:47 | 응애 | 5062010 (x500)를 addbyId를 통해 얻음.

2021-09-06 09:10:37 | 봉순 | 5062009 (x1000)를 addbyId를 통해 얻음.

2021-09-06 09:10:38 | 봉순 | 5062009 (x1000)를 addbyId를 통해 얻음.

2021-09-06 09:10:38 | 봉순 | 5062009 (x1000)를 addbyId를 통해 얻음.

2021-09-06 09:53:04 | 응애 | 5062010 (x500)를 addbyId를 통해 얻음.

2021-09-06 09:53:04 | 응애 | 5062010 (x500)를 addbyId를 통해 얻음.

2021-09-06 10:35:44 | 카오스 | 5062010 (x500)를 addbyId를 통해 얻음.

2021-10-14 07:03:57 | 고 | 2060002 (x1000)瑜 addbyId瑜 듯 살.

2021-10-18 10:52:11 | 沅12 | 2061000 (x10000)瑜 addbyItem 듯 살.

2021-10-19 04:33:35 | 蹂대12 | 2060000 (x10000)瑜 addbyItem 듯 살.

2021-10-19 04:58:40 | 濡12 | 2070000 (x10000)瑜 addbyItem 듯 살.

2021-10-19 05:10:07 | 罹≫12 | 2330008 (x1000)瑜 addbyItem 듯 살.

2021-10-19 05:10:11 | 罹≫12 | 2330008 (x10000)瑜 addbyItem 듯 살.

2021-10-20 09:40:50 | 釉12 | 2060000 (x10000)瑜 addbyItem 듯 살.

2021-10-20 09:47:31 | 釉12 | 2060000 (x10000)瑜 addbyItem 듯 살.

2021-10-20 10:46:51 | 硫移대12 | 2330008 (x10000)瑜 addbyItem 듯 살.

2021-10-21 01:10:01 | 釉 | 2060003 (x5000)瑜 addbyItem 듯 살.

2021-10-21 06:21:19 |  | 2070000 (x5000)瑜 addbyItem 듯 살.

2021-10-21 08:38:02 |  | 2061003 (x5000)瑜 addbyItem 듯 살.

2021-10-22 01:54:36 | 蹂대 | 2060003 (x5000)瑜 addbyItem 듯 살.

2021-10-22 02:19:18 | 沅 | 2060003 (x5000)瑜 addbyItem 듯 살.

2021-10-22 02:21:29 | 沅 | 2061003 (x5000)瑜 addbyItem 듯 살.

2021-10-22 02:41:15 | 濡 | 2070000 (x5000)瑜 addbyItem 듯 살.

2021-10-22 02:59:40 |  | 2070000 (x5000)瑜 addbyItem 듯 살.

2021-10-22 03:37:46 | 罹≫댁 | 2330000 (x5000)瑜 addbyItem 듯 살.

2021-11-18 09:00:04 | λ12 | 4310310 (x30000)瑜 addbyItem 듯 살.

2021-11-18 03:40:09 | 寃⑥ | 2070024 (x2000)瑜 addbyId瑜 듯 살.

2021-11-18 03:40:10 | 寃⑥ | 2070026 (x2000)瑜 addbyId瑜 듯 살.

2021-11-18 03:40:10 | 寃⑥ | 2070026 (x2000)瑜 addbyId瑜 듯 살.

2021-11-18 03:40:11 | 寃⑥ | 2070026 (x2000)瑜 addbyId瑜 듯 살.

2021-11-18 03:40:11 | 寃⑥ | 2070026 (x2000)瑜 addbyId瑜 듯 살.

2021-11-18 03:40:20 | 寃⑥ | 2070023 (x1500)瑜 addbyId瑜 듯 살.

2021-11-18 03:40:21 | 寃⑥ | 2070023 (x1500)瑜 addbyId瑜 듯 살.

2021-11-18 03:40:21 | 寃⑥ | 2070023 (x1500)瑜 addbyId瑜 듯 살.

2021-11-18 03:40:22 | 寃⑥ | 2070023 (x1500)瑜 addbyId瑜 듯 살.

2021-11-18 03:40:22 | 寃⑥ | 2070023 (x1500)瑜 addbyId瑜 듯 살.

2021-11-19 02:31:17 | 媛깅 | 4001716 (x1000)瑜 addbyItem 듯 살.

2021-11-19 02:31:19 | 媛깅 | 4001716 (x1000)瑜 addbyItem 듯 살.

2021-11-19 02:31:19 | 媛깅 | 4001716 (x1000)瑜 addbyItem 듯 살.

2021-11-19 02:44:39 | 媛깅 | 4310310 (x16959)瑜 addbyItem 듯 살.

2021-11-19 08:14:42 | 寃쎌같 | 4001716 (x9999)瑜 addbyItem 듯 살.

2021-11-19 08:14:48 | 寃쎌같 | 4001716 (x9999)瑜 addbyItem 듯 살.

2021-11-19 08:15:15 | 濡 | 4001716 (x9000)瑜 addbyItem 듯 살.

2021-11-19 08:28:13 | 寃쎌같 | 4001716 (x500)瑜 addbyItem 듯 살.

2021-11-19 08:29:01 | ы | 2435719 (x500)瑜 addbyItem 듯 살.

2021-11-19 08:31:23 | ы | 2000005 (x500)瑜 addbyItem 듯 살.

2021-11-19 08:38:41 | 寃쎌같 | 2070023 (x1500)瑜 addbyId瑜 듯 살.

2021-11-19 08:38:42 | 寃쎌같 | 2070023 (x1500)瑜 addbyId瑜 듯 살.

2021-11-19 08:44:31 | ы | 2430029 (x500)瑜 addbyItem 듯 살.

2021-11-19 08:44:33 | ы | 2430030 (x500)瑜 addbyItem 듯 살.

2021-11-19 08:50:31 | 寃쎌같 | 2439301 (x5000)瑜 addbyItem 듯 살.

2021-11-19 09:01:38 | 濡 | 4001716 (x24464)瑜 addbyItem 듯 살.

2021-11-19 09:08:46 | 濡 | 5062005 (x500)瑜 addbyItem 듯 살.

2021-11-19 09:12:12 | ы | 4001716 (x9999)瑜 addbyItem 듯 살.

2021-11-19 09:13:37 | ы | 4001716 (x9999)瑜 addbyItem 듯 살.

2021-11-19 09:45:12 | 寃쎌같 | 2070023 (x1500)瑜 addbyId瑜 듯 살.

2021-11-19 09:45:12 | 寃쎌같 | 2070023 (x1500)瑜 addbyId瑜 듯 살.

2021-11-19 09:45:12 | 寃쎌같 | 2070023 (x1500)瑜 addbyId瑜 듯 살.

2021-11-19 09:45:13 | 寃쎌같 | 2070023 (x1500)瑜 addbyId瑜 듯 살.

2021-11-19 09:47:58 | 寃쎌같 | 2630437 (x5000)瑜 addbyItem 듯 살.

2021-11-19 09:59:08 | 寃쎌같 | 2630437 (x500)瑜 addbyItem 듯 살.

2021-11-20 07:11:30 | 濡 | 2630437 (x5000)瑜 addbyItem 듯 살.

2022-01-12 07:58:11 | ⑦12 | 4001211 (x9999)瑜 addbyItem 듯 살.

2022-02-04 12:49:16 | ъ | 2060002 (x1000)瑜 addbyId瑜 듯 살.

2022-02-04 12:49:17 | ъ | 2060011 (x1000)瑜 addbyId瑜 듯 살.

2022-02-04 04:11:36 | 대12 | 2435719 (x300)瑜 addbyItem 듯 살.

2022-02-06 06:15:35 | 12 | 2435719 (x1000)瑜 addbyItem 듯 살.

2022-03-11 05:42:44 | ъ12 | 5060048 (x1000)瑜 addbyItem 듯 살.
2022-03-12 02:07:44 | 2 | 2048717 (x500)瑜 addbyId瑜 듯 살.
2022-03-12 02:07:44 | 2 | 2048755 (x300)瑜 addbyId瑜 듯 살.

2022-03-31 10:11:33 | 12 | 2070000 (x9999)瑜 addbyItem 듯 살.

2022-04-21 10:00:18 | 예나 | 2439869 (x1000)를 addbyItem을 통해 얻음.

2022-04-21 10:00:38 | 예나 | 2435719 (x1000)를 addbyItem을 통해 얻음.

2022-04-21 10:22:27 | tast입니다 | 2438118 (x9999)를 addbyItem을 통해 얻음.

2022-04-21 10:23:05 | tast입니다 | 2433943 (x9999)를 addbyItem을 통해 얻음.

2022-04-21 10:38:31 | 캐논 | 2438118 (x10000)를 addbyItem을 통해 얻음.

2022-04-21 10:39:13 | 신의 | 4001832 (x1000)를 addbyItem을 통해 얻음.

2022-04-21 10:39:19 | 캐논 | 2433943 (x9000)를 addbyItem을 통해 얻음.

2022-04-21 10:46:51 | 캐논 | 4000999 (x9000)를 addbyItem을 통해 얻음.

2022-04-21 10:47:12 | 뿌듀블 | 2633616 (x300)를 addbyItem을 통해 얻음.

2022-04-21 11:32:00 | 캐논 | 5062010 (x999)를 addbyItem을 통해 얻음.

2022-04-21 11:40:30 | tast입니다 | 5062005 (x1000)를 addbyItem을 통해 얻음.

2022-04-21 11:43:12 | 애인 | 2000032 (x10000)를 addbyItem을 통해 얻음.

2022-04-21 11:53:19 | 안녕 | 2070026 (x2000)를 addbyId를 통해 얻음.

2022-04-21 11:53:22 | 안녕 | 2070026 (x2000)를 addbyId를 통해 얻음.

2022-04-21 11:53:26 | 안녕 | 2070026 (x2000)를 addbyId를 통해 얻음.

2022-04-22 02:34:13 | 불독 | 4001832 (x1000)를 addbyItem을 통해 얻음.

2022-04-22 02:02:41 | 애인 | 2330016 (x2600)를 addbyId를 통해 얻음.

2022-04-22 02:02:44 | 애인 | 2330016 (x2600)를 addbyId를 통해 얻음.

2022-04-22 02:02:45 | 애인 | 2330016 (x2600)를 addbyId를 통해 얻음.

2022-04-22 02:15:14 | 멍멍 | 2048717 (x999)를 addbyItem을 통해 얻음.

2022-04-22 02:15:43 | 멍멍 | 2049790 (x999)를 addbyItem을 통해 얻음.

2022-04-22 02:16:28 | 멍멍 | 2049762 (x999)를 addbyItem을 통해 얻음.

2022-04-22 02:16:55 | 멍멍 | 5062010 (x999)를 addbyItem을 통해 얻음.

2022-04-22 02:17:11 | 멍멍 | 2049500 (x999)를 addbyItem을 통해 얻음.

2022-04-22 02:20:17 | 멍멍 | 5062005 (x999)를 addbyItem을 통해 얻음.

2022-04-22 02:20:22 | 멍멍 | 5062006 (x999)를 addbyItem을 통해 얻음.

2022-04-22 02:20:28 | 멍멍 | 5062002 (x999)를 addbyItem을 통해 얻음.

2022-04-22 02:23:10 | 멍멍 | 2049376 (x999)를 addbyItem을 통해 얻음.

2022-04-22 02:23:57 | 멍멍 | 2047939 (x999)를 addbyItem을 통해 얻음.

2022-04-22 02:52:28 | 코코 | 2439869 (x1000)를 addbyItem을 통해 얻음.

2022-04-22 03:17:01 | 코코 | 2633385 (x10000)를 addbyItem을 통해 얻음.

2022-04-22 03:18:13 | 코코 | 2439301 (x500)를 addbyItem을 통해 얻음.

2022-04-22 03:18:33 | 코코 | 2630437 (x500)를 addbyItem을 통해 얻음.

2022-04-22 03:19:04 | 코코 | 2630437 (x10000)를 addbyItem을 통해 얻음.

2022-04-22 03:36:24 | 민트 | 2049790 (x1000)를 addbyItem을 통해 얻음.

2022-04-22 03:46:58 | 애인이 | 2330016 (x2600)를 addbyId를 통해 얻음.

2022-04-22 03:56:39 | 민트 | 2631497 (x1000)를 addbyItem을 통해 얻음.

2022-04-22 04:13:02 | 민트 | 2049507 (x500)를 addbyItem을 통해 얻음.

2022-04-22 04:14:27 | 민트 | 5062010 (x10000)를 addbyItem을 통해 얻음.

2022-04-22 04:15:36 | 민트 | 5062005 (x10000)를 addbyItem을 통해 얻음.

2022-04-22 04:18:41 | 민트 | 2049119 (x10000)를 addbyItem을 통해 얻음.

2022-04-22 04:19:08 | 민트 | 5064400 (x10000)를 addbyItem을 통해 얻음.

2022-04-22 04:25:57 | 민트 | 5062009 (x16960)를 addbyItem을 통해 얻음.

2022-04-22 04:33:23 | 테스트 | 2433943 (x999)를 addbyItem을 통해 얻음.

2022-04-22 04:33:41 | 테스트 | 2433943 (x999)를 addbyItem을 통해 얻음.

2022-04-22 04:34:04 | 테스트 | 2438118 (x1000)를 addbyItem을 통해 얻음.

2022-04-22 04:34:49 | 테스트 | 4001832 (x9999)를 addbyItem을 통해 얻음.

2022-04-22 04:39:57 | 민트 | 4001832 (x1000)를 addbyItem을 통해 얻음.

2022-04-22 04:43:01 | 민트 | 5062500 (x10000)를 addbyItem을 통해 얻음.

2022-04-22 04:56:59 | 예나 | 2023072 (x1000)를 addbyItem을 통해 얻음.

2022-04-22 06:38:33 | 민트 | 5062503 (x10000)를 addbyItem을 통해 얻음.

2022-04-22 06:41:29 | 민트 | 5064000 (x1000)를 addbyItem을 통해 얻음.

2022-04-22 06:42:11 | 민트 | 2049360 (x1000)를 addbyItem을 통해 얻음.

2022-04-22 06:45:18 | 민트 | 2049179 (x1000)를 addbyItem을 통해 얻음.

2022-04-22 06:47:00 | 민트 | 2048717 (x10000)를 addbyItem을 통해 얻음.

2022-04-22 07:24:05 | 멍멍 | 5530457 (x999)를 addbyItem을 통해 얻음.

2022-04-22 08:16:57 | 민트 | 4001848 (x10000)를 addbyItem을 통해 얻음.

2022-04-22 08:18:33 | 민트 | 4001848 (x10000)를 addbyItem을 통해 얻음.

2022-04-22 08:18:35 | 민트 | 4001848 (x10000)를 addbyItem을 통해 얻음.

2022-04-22 08:18:37 | 민트 | 4001848 (x10000)를 addbyItem을 통해 얻음.

2022-04-22 08:20:32 | 민트 | 4001848 (x10000)를 addbyItem을 통해 얻음.

2022-04-22 08:20:34 | 민트 | 4001848 (x10000)를 addbyItem을 통해 얻음.

2022-04-22 08:20:35 | 민트 | 4001848 (x10000)를 addbyItem을 통해 얻음.

2022-04-22 08:38:22 | 멍멍 | 2048305 (x999)를 addbyItem을 통해 얻음.

2022-04-22 08:38:51 | 멍멍 | 2048304 (x999)를 addbyItem을 통해 얻음.

2022-04-22 08:39:11 | 멍멍 | 5062500 (x999)를 addbyItem을 통해 얻음.

2022-04-22 08:39:16 | 멍멍 | 5062503 (x999)를 addbyItem을 통해 얻음.

2022-04-22 08:47:59 | 멍멍 | 2630437 (x999)를 addbyItem을 통해 얻음.

2022-04-22 08:48:05 | 멍멍 | 2630437 (x999)를 addbyItem을 통해 얻음.

2022-04-22 08:48:05 | 멍멍 | 2630437 (x999)를 addbyItem을 통해 얻음.

2022-04-22 08:49:33 | 멍멍 | 4001716 (x999)를 addbyItem을 통해 얻음.

2022-04-22 09:11:59 | 나로 | 2070024 (x2000)를 addbyId를 통해 얻음.

2022-04-22 09:11:59 | 나로 | 2070024 (x2000)를 addbyId를 통해 얻음.

2022-04-22 09:12:00 | 나로 | 2070024 (x2000)를 addbyId를 통해 얻음.

2022-04-22 09:12:01 | 나로 | 2070024 (x2000)를 addbyId를 통해 얻음.

2022-04-22 09:12:01 | 나로 | 2070024 (x2000)를 addbyId를 통해 얻음.

2022-04-23 03:53:52 | 타카네루이 | 4001832 (x9999)를 addbyId를 통해 얻음.

2022-04-23 05:11:34 | 모모스즈네네 | 2061002 (x1000)를 addbyId를 통해 얻음.

2022-04-23 05:11:37 | 모모스즈네네 | 2061002 (x1000)를 addbyId를 통해 얻음.

2022-04-23 05:11:39 | 모모스즈네네 | 2061002 (x1000)를 addbyId를 통해 얻음.

2022-04-23 06:06:16 | 테스트 | 4001832 (x9999)를 addbyId를 통해 얻음.

2022-04-23 07:47:37 | 테스트 | 4001832 (x800)를 addbyId를 통해 얻음.

2022-04-23 08:18:45 | 캡틴 | 2330016 (x2600)를 addbyId를 통해 얻음.

2022-04-24 02:39:00 | 실험용 | 2330016 (x2600)를 addbyId를 통해 얻음.

2022-04-24 02:39:01 | 실험용 | 2330016 (x2600)를 addbyId를 통해 얻음.

2022-04-24 02:39:01 | 실험용 | 2330016 (x2600)를 addbyId를 통해 얻음.

2022-04-24 06:17:55 | 민트 | 5062010 (x9999)를 addbyItem을 통해 얻음.

2022-04-24 06:19:11 | 민트 | 5062005 (x10000)를 addbyItem을 통해 얻음.

2022-04-24 06:19:51 | 타카네루이 | 5062009 (x1000)를 addbyId를 통해 얻음.

2022-04-24 06:57:13 | 멍멍 | 2048717 (x999)를 addbyItem을 통해 얻음.

2022-04-24 07:39:32 | 썬콜1 | 4001715 (x1000)를 addbyItem을 통해 얻음.

2022-04-25 12:28:44 | 테스트 | 5062010 (x400)를 addbyId를 통해 얻음.

2022-04-25 12:28:44 | 테스트 | 4310237 (x300)를 addbyId를 통해 얻음.

2022-04-25 12:29:21 | 테스트 | 4310266 (x500)를 addbyId를 통해 얻음.

2022-04-25 12:29:21 | 테스트 | 4310237 (x2000)를 addbyId를 통해 얻음.

2022-04-25 12:29:41 | 테스트 | 4310266 (x500)를 addbyId를 통해 얻음.

2022-04-25 01:28:06 | 멍멍 | 5062010 (x400)를 addbyId를 통해 얻음.

2022-04-25 01:28:06 | 멍멍 | 4310237 (x300)를 addbyId를 통해 얻음.

2022-04-25 01:28:14 | 멍멍 | 4310266 (x500)를 addbyId를 통해 얻음.

2022-04-25 01:28:14 | 멍멍 | 4310237 (x2000)를 addbyId를 통해 얻음.

2022-04-25 01:28:18 | 멍멍 | 4310266 (x500)를 addbyId를 통해 얻음.

2022-04-25 01:48:55 | 멍멍 | 4310266 (x300)를 addbyId를 통해 얻음.

2022-04-25 01:50:46 | 멍멍 | 4000182 (x300)를 addbyItem을 통해 얻음.

2022-04-25 01:53:59 | 테스트 | 4310266 (x350)를 addbyId를 통해 얻음.

2022-04-25 01:58:38 | 멍멍 | 4310266 (x1000)를 addbyId를 통해 얻음.

2022-04-25 02:04:59 | 애인이 | 4001715 (x9999)를 addbyItem을 통해 얻음.

2022-04-25 01:49:43 | 썬콜1 | 2437760 (x5000)를 addbyItem을 통해 얻음.

2022-04-25 02:06:06 | 썬콜1 | 5062010 (x1000)를 addbyItem을 통해 얻음.

2022-04-25 02:06:22 | 썬콜1 | 5062010 (x1000)를 addbyItem을 통해 얻음.

2022-04-25 02:06:26 | 썬콜1 | 5062010 (x9000)를 addbyItem을 통해 얻음.

2022-04-25 02:06:59 | 썬콜1 | 5062009 (x10000)를 addbyItem을 통해 얻음.

2022-04-25 02:08:29 | 썬콜1 | 4310266 (x16960)를 addbyItem을 통해 얻음.

2022-04-25 02:13:49 | 썬콜1 | 5062010 (x10000)를 addbyItem을 통해 얻음.

2022-04-25 02:13:50 | 썬콜1 | 5062010 (x10000)를 addbyItem을 통해 얻음.

2022-04-25 02:14:11 | 썬콜1 | 5062005 (x10000)를 addbyItem을 통해 얻음.

2022-04-25 02:22:56 | 썬콜1 | 4001715 (x1000)를 addbyItem을 통해 얻음.

2022-04-25 02:24:08 | 썬콜1 | 4001715 (x10000)를 addbyItem을 통해 얻음.

2022-04-25 02:24:16 | 썬콜1 | 4001715 (x16960)를 addbyItem을 통해 얻음.

2022-04-25 11:26:50 | 멍멍 | 4001715 (x1000)를 addbyItem을 통해 얻음.

2022-04-25 11:26:51 | 멍멍 | 4001715 (x1000)를 addbyItem을 통해 얻음.

2022-04-25 11:26:52 | 멍멍 | 4001715 (x1000)를 addbyItem을 통해 얻음.

2022-04-25 11:26:56 | 멍멍 | 4001715 (x9999)를 addbyItem을 통해 얻음.

2022-04-25 11:37:56 | 멍멍 | 4001716 (x10000)를 addbyItem을 통해 얻음.

2022-04-26 12:09:28 | 멍멍 | 4021031 (x9999)를 addbyItem을 통해 얻음.

2022-04-26 12:09:44 | 멍멍 | 4310266 (x9999)를 addbyItem을 통해 얻음.

2022-04-26 12:10:02 | 멍멍 | 4310237 (x9999)를 addbyItem을 통해 얻음.

2022-04-26 12:10:03 | 멍멍 | 4310237 (x9999)를 addbyItem을 통해 얻음.

2022-04-26 12:10:03 | 멍멍 | 4310237 (x9999)를 addbyItem을 통해 얻음.

2022-04-26 12:10:32 | 멍멍 | 4009005 (x9999)를 addbyItem을 통해 얻음.

2022-04-26 12:10:34 | 멍멍 | 4009005 (x9999)를 addbyItem을 통해 얻음.

2022-04-26 12:10:34 | 멍멍 | 4009005 (x9999)를 addbyItem을 통해 얻음.

2022-04-26 12:10:47 | 멍멍 | 4310065 (x9999)를 addbyItem을 통해 얻음.

2022-04-26 02:35:29 | 테스트 | 4310266 (x1000)를 addbyId를 통해 얻음.

2022-04-26 11:32:12 | 테스트 | 4310229 (x1000)를 addbyItem을 통해 얻음.

2022-04-26 11:32:12 | 테스트 | 4310229 (x1000)를 addbyItem을 통해 얻음.

2022-04-26 11:32:15 | 테스트 | 4310229 (x8888)를 addbyItem을 통해 얻음.

2022-04-26 11:42:17 | 썬콜1 | 4310229 (x10000)를 addbyItem을 통해 얻음.

2022-04-26 03:02:10 | 테스트 | 4310229 (x10000)를 addbyItem을 통해 얻음.

2022-04-26 03:02:25 | 테스트 | 4310229 (x9999)를 addbyItem을 통해 얻음.

2022-04-26 03:03:39 | 테스트 | 4310229 (x1000)를 addbyItem을 통해 얻음.

2022-04-26 03:08:28 | 썬콜1 | 2633336 (x500)를 addbyItem을 통해 얻음.

2022-04-26 03:09:21 | 테스트 | 4021031 (x500)를 addbyId를 통해 얻음.

2022-04-26 03:28:34 | 테스트 | 4310266 (x3000)를 addbyId를 통해 얻음.

2022-04-26 03:30:49 | 테스트 | 4310266 (x1000)를 addbyId를 통해 얻음.

2022-04-26 04:07:31 | 테스트 | 5060048 (x1000)를 addbyItem을 통해 얻음.

2022-04-26 05:56:46 | 애인이 | 4031227 (x9999)를 addbyItem을 통해 얻음.

2022-04-26 05:56:50 | 애인이 | 4031227 (x9999)를 addbyItem을 통해 얻음.

2022-04-26 05:56:51 | 애인이 | 4031227 (x9999)를 addbyItem을 통해 얻음.

2022-04-26 06:12:45 | 민트 | 4310229 (x10000)를 addbyItem을 통해 얻음.

2022-04-26 07:02:50 | 민트 | 4310229 (x1000)를 addbyItem을 통해 얻음.

2022-04-26 08:26:29 | 테스트 | 4021031 (x1000)를 addbyItem을 통해 얻음.

2022-04-26 08:49:46 | 민트 | 2049361 (x1000)를 addbyItem을 통해 얻음.

2022-04-26 08:53:27 | 아람 | 4021031 (x900)를 addbyItem을 통해 얻음.

2022-04-26 09:29:03 | 민트 | 2433943 (x1000)를 addbyItem을 통해 얻음.

2022-04-26 09:30:07 | 민트 | 2433943 (x10000)를 addbyItem을 통해 얻음.

2022-04-27 12:06:48 | 테스트 | 4310237 (x2000)를 addbyId를 통해 얻음.

2022-04-27 12:06:48 | 테스트 | 4310266 (x500)를 addbyId를 통해 얻음.

2022-04-27 12:56:59 | 민트 | 5062503 (x1000)를 addbyItem을 통해 얻음.

2022-04-27 12:58:16 | 민트 | 2437760 (x1000)를 addbyItem을 통해 얻음.

2022-04-27 12:58:58 | 민트 | 2437760 (x1700)를 addbyItem을 통해 얻음.

2022-04-27 01:01:33 | 민트 | 2437760 (x5000)를 addbyItem을 통해 얻음.

2022-04-27 01:22:54 |  | 4310266 (x9999)瑜 addbyItem 듯 살.

2022-04-27 01:23:12 |  | 4001716 (x9999)瑜 addbyItem 듯 살.

2022-04-27 01:27:55 | ㅽ | 4310266 (x9999)瑜 addbyItem 듯 살.

2022-04-27 01:37:27 | 誘쇳 | 4310266 (x10000)瑜 addbyItem 듯 살.

2022-04-27 01:38:07 | 誘쇳 | 4310266 (x30000)瑜 addbyItem 듯 살.

2022-04-27 01:38:22 | 遺 | 4001716 (x1000)瑜 addbyItem 듯 살.

2022-04-27 01:38:33 | 遺 | 4310266 (x9999)瑜 addbyItem 듯 살.

2022-04-27 01:38:51 | 誘쇳 | 4001716 (x1000)瑜 addbyItem 듯 살.

2022-04-27 01:44:25 | 蹂대 | 4310266 (x9999)瑜 addbyItem 듯 살.

2022-04-27 01:44:37 | 蹂대 | 4001716 (x1000)瑜 addbyItem 듯 살.

2022-04-27 03:33:40 | ㅽ | 4310237 (x9999)瑜 addbyItem 듯 살.

2022-04-27 03:33:41 | ㅽ | 4310237 (x9999)瑜 addbyItem 듯 살.

2022-04-27 03:33:41 | ㅽ | 4310237 (x9999)瑜 addbyItem 듯 살.

2022-04-27 03:37:05 |  | 2438118 (x1000)瑜 addbyItem 듯 살.

2022-04-27 03:37:18 |  | 4001832 (x1000)瑜 addbyItem 듯 살.

2022-04-27 05:16:35 | 誘쇳 | 5062500 (x9999)瑜 addbyItem 듯 살.

2022-04-27 08:06:41 | ㅽ⑹ | 4310237 (x400)瑜 addbyItem 듯 살.

2022-04-27 08:07:30 | 硫硫 | 4310237 (x9999)瑜 addbyItem 듯 살.

2022-04-27 08:07:31 | 硫硫 | 4310237 (x9999)瑜 addbyItem 듯 살.

2022-04-27 08:07:32 | 硫硫 | 4310237 (x9999)瑜 addbyItem 듯 살.

2022-04-27 08:28:04 | 硫硫 | 2435719 (x9999)瑜 addbyItem 듯 살.

2022-04-27 08:28:38 | 곗 | 2435719 (x9999)瑜 addbyItem 듯 살.

2022-04-27 08:39:37 | 硫硫 | 4001832 (x9000)瑜 addbyId瑜 듯 살.

2022-04-27 08:39:38 | 硫硫 | 4001832 (x9000)瑜 addbyId瑜 듯 살.

2022-04-27 08:39:38 | 硫硫 | 4001832 (x9000)瑜 addbyId瑜 듯 살.

2022-04-27 08:39:38 | 硫硫 | 4001832 (x9000)瑜 addbyId瑜 듯 살.

2022-04-27 08:39:39 | 硫硫 | 4001832 (x9000)瑜 addbyId瑜 듯 살.

2022-04-27 08:39:39 | 硫硫 | 4001832 (x9000)瑜 addbyId瑜 듯 살.

2022-04-27 08:39:39 | 硫硫 | 4001832 (x9000)瑜 addbyId瑜 듯 살.

2022-04-27 08:40:09 | 硫硫 | 2049376 (x999)瑜 addbyItem 듯 살.

2022-04-27 08:42:50 | 硫硫 | 4034939 (x999)瑜 addbyItem 듯 살.

2022-04-27 08:42:56 | 硫硫 | 4034941 (x999)瑜 addbyItem 듯 살.

2022-04-27 09:09:39 | 硫硫 | 3994611 (x999)瑜 addbyItem 듯 살.

2022-04-27 09:09:42 | 硫硫 | 3994612 (x999)瑜 addbyItem 듯 살.

2022-04-27 09:09:45 | 硫硫 | 3994613 (x999)瑜 addbyItem 듯 살.

2022-04-27 09:09:47 | 硫硫 | 3994614 (x999)瑜 addbyItem 듯 살.

2022-04-27 09:09:50 | 硫硫 | 3994615 (x999)瑜 addbyItem 듯 살.

2022-04-27 09:09:53 | 硫硫 | 3994616 (x999)瑜 addbyItem 듯 살.

2022-04-27 09:09:56 | 硫硫 | 3994617 (x999)瑜 addbyItem 듯 살.

2022-04-27 09:10:01 | 硫硫 | 3994618 (x999)瑜 addbyItem 듯 살.

2022-04-27 09:10:30 | 硫硫 | 4001326 (x999)瑜 addbyItem 듯 살.

2022-04-27 09:10:35 | 硫硫 | 4001327 (x999)瑜 addbyItem 듯 살.

2022-04-27 09:10:37 | 硫硫 | 4001328 (x999)瑜 addbyItem 듯 살.

2022-04-27 09:10:40 | 硫硫 | 4001329 (x999)瑜 addbyItem 듯 살.

2022-04-27 09:10:44 | 硫硫 | 4001330 (x999)瑜 addbyItem 듯 살.

2022-04-27 09:10:47 | 硫硫 | 4001331 (x999)瑜 addbyItem 듯 살.

2022-04-27 09:10:51 | 硫硫 | 4001332 (x999)瑜 addbyItem 듯 살.

2022-04-27 09:50:18 | 蹂鍮 | 4310266 (x500)瑜 addbyId瑜 듯 살.

2022-04-27 09:50:18 | 蹂鍮 | 4310237 (x1000)瑜 addbyId瑜 듯 살.

2022-04-27 11:43:48 |  | 4021031 (x500)瑜 addbyId瑜 듯 살.

2022-04-27 11:44:55 | 댁 | 4021031 (x500)瑜 addbyId瑜 듯 살.

2022-04-27 11:45:02 | 댁 | 4021031 (x500)瑜 addbyId瑜 듯 살.

2022-04-27 11:45:03 | 댁 | 4021031 (x500)瑜 addbyId瑜 듯 살.

2022-04-27 11:45:03 | 댁 | 4021031 (x500)瑜 addbyId瑜 듯 살.

2022-04-27 11:45:05 | 댁 | 4021031 (x500)瑜 addbyId瑜 듯 살.

2022-04-27 11:45:05 | 댁 | 4021031 (x500)瑜 addbyId瑜 듯 살.

2022-04-27 11:45:25 | 댁 | 4021031 (x500)瑜 addbyId瑜 듯 살.

2022-04-28 04:40:28 | 민트 | 4310229 (x10000)를 addbyItem을 통해 얻음.

2022-04-28 08:15:29 | 멍멍 | 2003517 (x999)를 addbyItem을 통해 얻음.

2022-04-28 09:01:57 | 운영자 | 4021031 (x500)를 addbyId를 통해 얻음.

2022-04-28 10:19:58 | 민트 | 2438118 (x10000)를 addbyItem을 통해 얻음.

2022-04-28 10:20:38 | 민트 | 4000999 (x10000)를 addbyItem을 통해 얻음.

2022-04-28 10:21:06 | 민트 | 4001832 (x1000)를 addbyItem을 통해 얻음.

2022-04-28 10:25:49 | 민트 | 4000999 (x30000)를 addbyItem을 통해 얻음.

2022-04-28 10:26:11 | 민트 | 4001832 (x30000)를 addbyItem을 통해 얻음.

2022-04-28 10:29:11 | 민트 | 2049361 (x1000)를 addbyItem을 통해 얻음.

2022-04-28 10:31:29 | 민트 | 2431174 (x1000)를 addbyItem을 통해 얻음.

2022-04-29 12:28:57 | 운영자 | 4310229 (x9999)를 addbyItem을 통해 얻음.

2022-04-29 12:28:58 | 운영자 | 4310229 (x9999)를 addbyItem을 통해 얻음.

2022-04-29 12:28:58 | 운영자 | 4310229 (x9999)를 addbyItem을 통해 얻음.

2022-04-29 02:19:52 | 별빛 | 4021031 (x500)를 addbyId를 통해 얻음.

2022-04-29 07:21:02 | dwq321 | 4310299 (x999)瑜 addbyItem 듯 살.

2022-04-29 08:46:37 | 댁 | 2435719 (x1000)瑜 addbyItem 듯 살.

2022-05-09 11:11:51 | 잠수 | 2435902 (x500)를 addbyItem을 통해 얻음.

2022-05-09 11:23:50 | 잠수 | 4033114 (x9999)를 addbyItem을 통해 얻음.

2022-05-10 12:30:02 | 잠수 | 2070023 (x1500)를 addbyId를 통해 얻음.

2022-05-10 12:30:03 | 잠수 | 2070023 (x1500)를 addbyId를 통해 얻음.

2022-05-10 12:30:03 | 잠수 | 2070023 (x1500)를 addbyId를 통해 얻음.

2022-05-10 12:30:03 | 잠수 | 2070023 (x1500)를 addbyId를 통해 얻음.

2022-05-10 12:30:04 | 잠수 | 2070023 (x1500)를 addbyId를 통해 얻음.
